[2025-03-23T19:47:17.936+0000] {taskinstance.py:1083} INFO - Dependencies all met for <TaskInstance: smooth.youtube_video scheduled__2025-03-23T18:00:00+00:00 [queued]>
[2025-03-23T19:47:17.952+0000] {taskinstance.py:1083} INFO - Dependencies all met for <TaskInstance: smooth.youtube_video scheduled__2025-03-23T18:00:00+00:00 [queued]>
[2025-03-23T19:47:17.952+0000] {taskinstance.py:1279} INFO - 
--------------------------------------------------------------------------------
[2025-03-23T19:47:17.953+0000] {taskinstance.py:1280} INFO - Starting attempt 1 of 1
[2025-03-23T19:47:17.954+0000] {taskinstance.py:1281} INFO - 
--------------------------------------------------------------------------------
[2025-03-23T19:47:18.022+0000] {taskinstance.py:1300} INFO - Executing <Task(SmoothOperator): youtube_video> on 2025-03-23 18:00:00+00:00
[2025-03-23T19:47:18.029+0000] {standard_task_runner.py:55} INFO - Started process 260 to run task
[2025-03-23T19:47:18.035+0000] {standard_task_runner.py:82} INFO - Running: ['***', 'tasks', 'run', 'smooth', 'youtube_video', 'scheduled__2025-03-23T18:00:00+00:00', '--job-id', '6', '--raw', '--subdir', 'DAGS_FOLDER/smooth.py', '--cfg-path', '/tmp/tmpls2pqsv1']
[2025-03-23T19:47:18.036+0000] {standard_task_runner.py:83} INFO - Job 6: Subtask youtube_video
[2025-03-23T19:47:18.162+0000] {task_command.py:388} INFO - Running <TaskInstance: smooth.youtube_video scheduled__2025-03-23T18:00:00+00:00 [running]> on host 2736f4215acb
[2025-03-23T19:47:18.373+0000] {taskinstance.py:1509} INFO - Exporting the following env vars:
AIRFLOW_CTX_DAG_OWNER=***
AIRFLOW_CTX_DAG_ID=smooth
AIRFLOW_CTX_TASK_ID=youtube_video
AIRFLOW_CTX_EXECUTION_DATE=2025-03-23T18:00:00+00:00
AIRFLOW_CTX_TRY_NUMBER=1
AIRFLOW_CTX_DAG_RUN_ID=scheduled__2025-03-23T18:00:00+00:00
[2025-03-23T19:47:18.374+0000] {smooth.py:37} INFO - Enjoy Sade - Smooth Operator: https://www.youtube.com/watch?v=4TYv2PhG89A
[2025-03-23T19:47:18.417+0000] {taskinstance.py:1323} INFO - Marking task as SUCCESS. dag_id=smooth, task_id=youtube_video, execution_date=20250323T180000, start_date=20250323T194717, end_date=20250323T194718
[2025-03-23T19:47:18.540+0000] {local_task_job.py:208} INFO - Task exited with return code 0
[2025-03-23T19:47:18.628+0000] {taskinstance.py:2578} INFO - 0 downstream tasks scheduled from follow-on schedule check
