[2025-03-23T19:47:17.936+0000] {taskinstance.py:1083} INFO - Dependencies all met for <TaskInstance: smooth.youtube_video manual__2025-03-23T19:47:14.314503+00:00 [queued]>
[2025-03-23T19:47:17.950+0000] {taskinstance.py:1083} INFO - Dependencies all met for <TaskInstance: smooth.youtube_video manual__2025-03-23T19:47:14.314503+00:00 [queued]>
[2025-03-23T19:47:17.950+0000] {taskinstance.py:1279} INFO - 
--------------------------------------------------------------------------------
[2025-03-23T19:47:17.950+0000] {taskinstance.py:1280} INFO - Starting attempt 1 of 1
[2025-03-23T19:47:17.951+0000] {taskinstance.py:1281} INFO - 
--------------------------------------------------------------------------------
[2025-03-23T19:47:17.997+0000] {taskinstance.py:1300} INFO - Executing <Task(SmoothOperator): youtube_video> on 2025-03-23 19:47:14.314503+00:00
[2025-03-23T19:47:18.002+0000] {standard_task_runner.py:55} INFO - Started process 259 to run task
[2025-03-23T19:47:18.007+0000] {standard_task_runner.py:82} INFO - Running: ['***', 'tasks', 'run', 'smooth', 'youtube_video', 'manual__2025-03-23T19:47:14.314503+00:00', '--job-id', '5', '--raw', '--subdir', 'DAGS_FOLDER/smooth.py', '--cfg-path', '/tmp/tmpdpzjus0_']
[2025-03-23T19:47:18.008+0000] {standard_task_runner.py:83} INFO - Job 5: Subtask youtube_video
[2025-03-23T19:47:18.125+0000] {task_command.py:388} INFO - Running <TaskInstance: smooth.youtube_video manual__2025-03-23T19:47:14.314503+00:00 [running]> on host 2736f4215acb
[2025-03-23T19:47:18.316+0000] {taskinstance.py:1509} INFO - Exporting the following env vars:
AIRFLOW_CTX_DAG_OWNER=***
AIRFLOW_CTX_DAG_ID=smooth
AIRFLOW_CTX_TASK_ID=youtube_video
AIRFLOW_CTX_EXECUTION_DATE=2025-03-23T19:47:14.314503+00:00
AIRFLOW_CTX_TRY_NUMBER=1
AIRFLOW_CTX_DAG_RUN_ID=manual__2025-03-23T19:47:14.314503+00:00
[2025-03-23T19:47:18.318+0000] {smooth.py:37} INFO - Enjoy Sade - Smooth Operator: https://www.youtube.com/watch?v=4TYv2PhG89A
[2025-03-23T19:47:18.349+0000] {taskinstance.py:1323} INFO - Marking task as SUCCESS. dag_id=smooth, task_id=youtube_video, execution_date=20250323T194714, start_date=20250323T194717, end_date=20250323T194718
[2025-03-23T19:47:18.472+0000] {local_task_job.py:208} INFO - Task exited with return code 0
[2025-03-23T19:47:18.613+0000] {taskinstance.py:2578} INFO - 0 downstream tasks scheduled from follow-on schedule check
