[2025-03-23T19:45:40.024+0000] {processor.py:153} INFO - Started process (PID=117) to work on /opt/airflow/dags/smooth.py
[2025-03-23T19:45:40.026+0000] {processor.py:743} INFO - Processing file /opt/airflow/dags/smooth.py for tasks to queue
[2025-03-23T19:45:40.027+0000] {logging_mixin.py:137} INFO - [2025-03-23T19:45:40.027+0000] {dagbag.py:538} INFO - Filling up the DagBag from /opt/airflow/dags/smooth.py
[2025-03-23T19:45:41.398+0000] {processor.py:753} INFO - DAG(s) dict_keys(['smooth']) retrieved from /opt/airflow/dags/smooth.py
[2025-03-23T19:45:43.623+0000] {logging_mixin.py:137} INFO - [2025-03-23T19:45:43.623+0000] {manager.py:504} INFO - Created Permission View: can delete on DAG:smooth
[2025-03-23T19:45:43.683+0000] {logging_mixin.py:137} INFO - [2025-03-23T19:45:43.682+0000] {manager.py:504} INFO - Created Permission View: can read on DAG:smooth
[2025-03-23T19:45:43.730+0000] {logging_mixin.py:137} INFO - [2025-03-23T19:45:43.730+0000] {manager.py:504} INFO - Created Permission View: can edit on DAG:smooth
[2025-03-23T19:45:43.731+0000] {logging_mixin.py:137} INFO - [2025-03-23T19:45:43.731+0000] {dag.py:2690} INFO - Sync 1 DAGs
[2025-03-23T19:45:43.749+0000] {logging_mixin.py:137} INFO - [2025-03-23T19:45:43.749+0000] {dag.py:2711} INFO - Creating ORM DAG for smooth
[2025-03-23T19:45:43.771+0000] {logging_mixin.py:137} INFO - [2025-03-23T19:45:43.771+0000] {dag.py:3441} INFO - Setting next_dagrun for smooth to 2025-03-23T18:00:00+00:00, run_after=2025-03-23T19:00:00+00:00
[2025-03-23T19:45:43.850+0000] {processor.py:175} INFO - Processing /opt/airflow/dags/smooth.py took 3.830 seconds
[2025-03-23T19:46:14.097+0000] {processor.py:153} INFO - Started process (PID=150) to work on /opt/airflow/dags/smooth.py
[2025-03-23T19:46:14.100+0000] {processor.py:743} INFO - Processing file /opt/airflow/dags/smooth.py for tasks to queue
[2025-03-23T19:46:14.102+0000] {logging_mixin.py:137} INFO - [2025-03-23T19:46:14.102+0000] {dagbag.py:538} INFO - Filling up the DagBag from /opt/airflow/dags/smooth.py
[2025-03-23T19:46:14.166+0000] {processor.py:753} INFO - DAG(s) dict_keys(['smooth']) retrieved from /opt/airflow/dags/smooth.py
[2025-03-23T19:46:14.237+0000] {logging_mixin.py:137} INFO - [2025-03-23T19:46:14.237+0000] {dag.py:2690} INFO - Sync 1 DAGs
[2025-03-23T19:46:14.298+0000] {logging_mixin.py:137} INFO - [2025-03-23T19:46:14.297+0000] {dag.py:3441} INFO - Setting next_dagrun for smooth to 2025-03-23T18:00:00+00:00, run_after=2025-03-23T19:00:00+00:00
[2025-03-23T19:46:14.469+0000] {processor.py:175} INFO - Processing /opt/airflow/dags/smooth.py took 0.379 seconds
[2025-03-23T19:46:44.720+0000] {processor.py:153} INFO - Started process (PID=199) to work on /opt/airflow/dags/smooth.py
[2025-03-23T19:46:44.722+0000] {processor.py:743} INFO - Processing file /opt/airflow/dags/smooth.py for tasks to queue
[2025-03-23T19:46:44.723+0000] {logging_mixin.py:137} INFO - [2025-03-23T19:46:44.723+0000] {dagbag.py:538} INFO - Filling up the DagBag from /opt/airflow/dags/smooth.py
[2025-03-23T19:46:44.762+0000] {processor.py:753} INFO - DAG(s) dict_keys(['smooth']) retrieved from /opt/airflow/dags/smooth.py
[2025-03-23T19:46:44.812+0000] {logging_mixin.py:137} INFO - [2025-03-23T19:46:44.812+0000] {dag.py:2690} INFO - Sync 1 DAGs
[2025-03-23T19:46:44.857+0000] {logging_mixin.py:137} INFO - [2025-03-23T19:46:44.857+0000] {dag.py:3441} INFO - Setting next_dagrun for smooth to 2025-03-23T18:00:00+00:00, run_after=2025-03-23T19:00:00+00:00
[2025-03-23T19:46:45.003+0000] {processor.py:175} INFO - Processing /opt/airflow/dags/smooth.py took 0.288 seconds
[2025-03-23T19:47:15.335+0000] {processor.py:153} INFO - Started process (PID=232) to work on /opt/airflow/dags/smooth.py
[2025-03-23T19:47:15.342+0000] {processor.py:743} INFO - Processing file /opt/airflow/dags/smooth.py for tasks to queue
[2025-03-23T19:47:15.349+0000] {logging_mixin.py:137} INFO - [2025-03-23T19:47:15.348+0000] {dagbag.py:538} INFO - Filling up the DagBag from /opt/airflow/dags/smooth.py
[2025-03-23T19:47:15.414+0000] {processor.py:753} INFO - DAG(s) dict_keys(['smooth']) retrieved from /opt/airflow/dags/smooth.py
[2025-03-23T19:47:15.477+0000] {logging_mixin.py:137} INFO - [2025-03-23T19:47:15.477+0000] {dag.py:2690} INFO - Sync 1 DAGs
[2025-03-23T19:47:15.611+0000] {logging_mixin.py:137} INFO - [2025-03-23T19:47:15.609+0000] {dag.py:3441} INFO - Setting next_dagrun for smooth to 2025-03-23T19:00:00+00:00, run_after=2025-03-23T20:00:00+00:00
[2025-03-23T19:47:15.758+0000] {processor.py:175} INFO - Processing /opt/airflow/dags/smooth.py took 0.436 seconds
[2025-03-23T19:47:46.052+0000] {processor.py:153} INFO - Started process (PID=269) to work on /opt/airflow/dags/smooth.py
[2025-03-23T19:47:46.055+0000] {processor.py:743} INFO - Processing file /opt/airflow/dags/smooth.py for tasks to queue
[2025-03-23T19:47:46.058+0000] {logging_mixin.py:137} INFO - [2025-03-23T19:47:46.057+0000] {dagbag.py:538} INFO - Filling up the DagBag from /opt/airflow/dags/smooth.py
[2025-03-23T19:47:46.100+0000] {processor.py:753} INFO - DAG(s) dict_keys(['smooth']) retrieved from /opt/airflow/dags/smooth.py
[2025-03-23T19:47:46.151+0000] {logging_mixin.py:137} INFO - [2025-03-23T19:47:46.151+0000] {dag.py:2690} INFO - Sync 1 DAGs
[2025-03-23T19:47:46.199+0000] {logging_mixin.py:137} INFO - [2025-03-23T19:47:46.198+0000] {dag.py:3441} INFO - Setting next_dagrun for smooth to 2025-03-23T19:00:00+00:00, run_after=2025-03-23T20:00:00+00:00
[2025-03-23T19:47:46.356+0000] {processor.py:175} INFO - Processing /opt/airflow/dags/smooth.py took 0.312 seconds
[2025-03-23T19:48:16.656+0000] {processor.py:153} INFO - Started process (PID=302) to work on /opt/airflow/dags/smooth.py
[2025-03-23T19:48:16.658+0000] {processor.py:743} INFO - Processing file /opt/airflow/dags/smooth.py for tasks to queue
[2025-03-23T19:48:16.660+0000] {logging_mixin.py:137} INFO - [2025-03-23T19:48:16.659+0000] {dagbag.py:538} INFO - Filling up the DagBag from /opt/airflow/dags/smooth.py
[2025-03-23T19:48:16.705+0000] {processor.py:753} INFO - DAG(s) dict_keys(['smooth']) retrieved from /opt/airflow/dags/smooth.py
[2025-03-23T19:48:16.755+0000] {logging_mixin.py:137} INFO - [2025-03-23T19:48:16.755+0000] {dag.py:2690} INFO - Sync 1 DAGs
[2025-03-23T19:48:16.807+0000] {logging_mixin.py:137} INFO - [2025-03-23T19:48:16.807+0000] {dag.py:3441} INFO - Setting next_dagrun for smooth to 2025-03-23T19:00:00+00:00, run_after=2025-03-23T20:00:00+00:00
[2025-03-23T19:48:17.047+0000] {processor.py:175} INFO - Processing /opt/airflow/dags/smooth.py took 0.397 seconds
[2025-03-23T19:48:47.373+0000] {processor.py:153} INFO - Started process (PID=335) to work on /opt/airflow/dags/smooth.py
[2025-03-23T19:48:47.376+0000] {processor.py:743} INFO - Processing file /opt/airflow/dags/smooth.py for tasks to queue
[2025-03-23T19:48:47.379+0000] {logging_mixin.py:137} INFO - [2025-03-23T19:48:47.378+0000] {dagbag.py:538} INFO - Filling up the DagBag from /opt/airflow/dags/smooth.py
[2025-03-23T19:48:47.418+0000] {processor.py:753} INFO - DAG(s) dict_keys(['smooth']) retrieved from /opt/airflow/dags/smooth.py
[2025-03-23T19:48:47.462+0000] {logging_mixin.py:137} INFO - [2025-03-23T19:48:47.462+0000] {dag.py:2690} INFO - Sync 1 DAGs
[2025-03-23T19:48:47.512+0000] {logging_mixin.py:137} INFO - [2025-03-23T19:48:47.512+0000] {dag.py:3441} INFO - Setting next_dagrun for smooth to 2025-03-23T19:00:00+00:00, run_after=2025-03-23T20:00:00+00:00
[2025-03-23T19:48:47.660+0000] {processor.py:175} INFO - Processing /opt/airflow/dags/smooth.py took 0.301 seconds
[2025-03-23T19:49:18.048+0000] {processor.py:153} INFO - Started process (PID=368) to work on /opt/airflow/dags/smooth.py
[2025-03-23T19:49:18.050+0000] {processor.py:743} INFO - Processing file /opt/airflow/dags/smooth.py for tasks to queue
[2025-03-23T19:49:18.053+0000] {logging_mixin.py:137} INFO - [2025-03-23T19:49:18.052+0000] {dagbag.py:538} INFO - Filling up the DagBag from /opt/airflow/dags/smooth.py
[2025-03-23T19:49:18.097+0000] {processor.py:753} INFO - DAG(s) dict_keys(['smooth']) retrieved from /opt/airflow/dags/smooth.py
[2025-03-23T19:49:18.143+0000] {logging_mixin.py:137} INFO - [2025-03-23T19:49:18.143+0000] {dag.py:2690} INFO - Sync 1 DAGs
[2025-03-23T19:49:18.197+0000] {logging_mixin.py:137} INFO - [2025-03-23T19:49:18.196+0000] {dag.py:3441} INFO - Setting next_dagrun for smooth to 2025-03-23T19:00:00+00:00, run_after=2025-03-23T20:00:00+00:00
[2025-03-23T19:49:18.446+0000] {processor.py:175} INFO - Processing /opt/airflow/dags/smooth.py took 0.408 seconds
[2025-03-23T19:49:48.755+0000] {processor.py:153} INFO - Started process (PID=408) to work on /opt/airflow/dags/smooth.py
[2025-03-23T19:49:48.757+0000] {processor.py:743} INFO - Processing file /opt/airflow/dags/smooth.py for tasks to queue
[2025-03-23T19:49:48.762+0000] {logging_mixin.py:137} INFO - [2025-03-23T19:49:48.761+0000] {dagbag.py:538} INFO - Filling up the DagBag from /opt/airflow/dags/smooth.py
[2025-03-23T19:49:48.824+0000] {processor.py:753} INFO - DAG(s) dict_keys(['smooth']) retrieved from /opt/airflow/dags/smooth.py
[2025-03-23T19:49:48.902+0000] {logging_mixin.py:137} INFO - [2025-03-23T19:49:48.901+0000] {dag.py:2690} INFO - Sync 1 DAGs
[2025-03-23T19:49:48.963+0000] {logging_mixin.py:137} INFO - [2025-03-23T19:49:48.962+0000] {dag.py:3441} INFO - Setting next_dagrun for smooth to 2025-03-23T19:00:00+00:00, run_after=2025-03-23T20:00:00+00:00
[2025-03-23T19:49:49.108+0000] {processor.py:175} INFO - Processing /opt/airflow/dags/smooth.py took 0.362 seconds
[2025-03-23T19:50:19.468+0000] {processor.py:153} INFO - Started process (PID=434) to work on /opt/airflow/dags/smooth.py
[2025-03-23T19:50:19.469+0000] {processor.py:743} INFO - Processing file /opt/airflow/dags/smooth.py for tasks to queue
[2025-03-23T19:50:19.472+0000] {logging_mixin.py:137} INFO - [2025-03-23T19:50:19.471+0000] {dagbag.py:538} INFO - Filling up the DagBag from /opt/airflow/dags/smooth.py
[2025-03-23T19:50:19.517+0000] {processor.py:753} INFO - DAG(s) dict_keys(['smooth']) retrieved from /opt/airflow/dags/smooth.py
[2025-03-23T19:50:19.568+0000] {logging_mixin.py:137} INFO - [2025-03-23T19:50:19.568+0000] {dag.py:2690} INFO - Sync 1 DAGs
[2025-03-23T19:50:19.622+0000] {logging_mixin.py:137} INFO - [2025-03-23T19:50:19.621+0000] {dag.py:3441} INFO - Setting next_dagrun for smooth to 2025-03-23T19:00:00+00:00, run_after=2025-03-23T20:00:00+00:00
[2025-03-23T19:50:19.702+0000] {processor.py:175} INFO - Processing /opt/airflow/dags/smooth.py took 0.240 seconds
[2025-03-23T20:24:19.606+0000] {processor.py:153} INFO - Started process (PID=86) to work on /opt/airflow/dags/smooth.py
[2025-03-23T20:24:19.611+0000] {processor.py:743} INFO - Processing file /opt/airflow/dags/smooth.py for tasks to queue
[2025-03-23T20:24:19.616+0000] {logging_mixin.py:137} INFO - [2025-03-23T20:24:19.616+0000] {dagbag.py:538} INFO - Filling up the DagBag from /opt/airflow/dags/smooth.py
[2025-03-23T20:24:20.867+0000] {processor.py:753} INFO - DAG(s) dict_keys(['smooth']) retrieved from /opt/airflow/dags/smooth.py
[2025-03-23T20:24:21.177+0000] {logging_mixin.py:137} INFO - [2025-03-23T20:24:21.177+0000] {dag.py:2690} INFO - Sync 1 DAGs
[2025-03-23T20:24:21.219+0000] {logging_mixin.py:137} INFO - [2025-03-23T20:24:21.219+0000] {dag.py:3441} INFO - Setting next_dagrun for smooth to 2025-03-23T19:00:00+00:00, run_after=2025-03-23T20:00:00+00:00
[2025-03-23T20:24:21.295+0000] {processor.py:175} INFO - Processing /opt/airflow/dags/smooth.py took 1.700 seconds
[2025-03-23T20:24:51.515+0000] {processor.py:153} INFO - Started process (PID=135) to work on /opt/airflow/dags/smooth.py
[2025-03-23T20:24:51.518+0000] {processor.py:743} INFO - Processing file /opt/airflow/dags/smooth.py for tasks to queue
[2025-03-23T20:24:51.522+0000] {logging_mixin.py:137} INFO - [2025-03-23T20:24:51.521+0000] {dagbag.py:538} INFO - Filling up the DagBag from /opt/airflow/dags/smooth.py
[2025-03-23T20:24:51.574+0000] {processor.py:753} INFO - DAG(s) dict_keys(['smooth']) retrieved from /opt/airflow/dags/smooth.py
[2025-03-23T20:24:51.611+0000] {logging_mixin.py:137} INFO - [2025-03-23T20:24:51.611+0000] {dag.py:2690} INFO - Sync 1 DAGs
[2025-03-23T20:24:51.646+0000] {logging_mixin.py:137} INFO - [2025-03-23T20:24:51.646+0000] {dag.py:3441} INFO - Setting next_dagrun for smooth to 2025-03-23T20:00:00+00:00, run_after=2025-03-23T21:00:00+00:00
[2025-03-23T20:24:51.697+0000] {processor.py:175} INFO - Processing /opt/airflow/dags/smooth.py took 0.196 seconds
[2025-03-23T20:25:21.910+0000] {processor.py:153} INFO - Started process (PID=168) to work on /opt/airflow/dags/smooth.py
[2025-03-23T20:25:21.913+0000] {processor.py:743} INFO - Processing file /opt/airflow/dags/smooth.py for tasks to queue
[2025-03-23T20:25:21.915+0000] {logging_mixin.py:137} INFO - [2025-03-23T20:25:21.915+0000] {dagbag.py:538} INFO - Filling up the DagBag from /opt/airflow/dags/smooth.py
[2025-03-23T20:25:21.950+0000] {processor.py:753} INFO - DAG(s) dict_keys(['smooth']) retrieved from /opt/airflow/dags/smooth.py
[2025-03-23T20:25:21.983+0000] {logging_mixin.py:137} INFO - [2025-03-23T20:25:21.983+0000] {dag.py:2690} INFO - Sync 1 DAGs
[2025-03-23T20:25:22.020+0000] {logging_mixin.py:137} INFO - [2025-03-23T20:25:22.020+0000] {dag.py:3441} INFO - Setting next_dagrun for smooth to 2025-03-23T20:00:00+00:00, run_after=2025-03-23T21:00:00+00:00
[2025-03-23T20:25:22.074+0000] {processor.py:175} INFO - Processing /opt/airflow/dags/smooth.py took 0.179 seconds
[2025-03-23T20:25:52.283+0000] {processor.py:153} INFO - Started process (PID=217) to work on /opt/airflow/dags/smooth.py
[2025-03-23T20:25:52.284+0000] {processor.py:743} INFO - Processing file /opt/airflow/dags/smooth.py for tasks to queue
[2025-03-23T20:25:52.286+0000] {logging_mixin.py:137} INFO - [2025-03-23T20:25:52.286+0000] {dagbag.py:538} INFO - Filling up the DagBag from /opt/airflow/dags/smooth.py
[2025-03-23T20:25:52.320+0000] {processor.py:753} INFO - DAG(s) dict_keys(['smooth']) retrieved from /opt/airflow/dags/smooth.py
[2025-03-23T20:25:52.354+0000] {logging_mixin.py:137} INFO - [2025-03-23T20:25:52.354+0000] {dag.py:2690} INFO - Sync 1 DAGs
[2025-03-23T20:25:52.394+0000] {logging_mixin.py:137} INFO - [2025-03-23T20:25:52.394+0000] {dag.py:3441} INFO - Setting next_dagrun for smooth to 2025-03-23T20:00:00+00:00, run_after=2025-03-23T21:00:00+00:00
[2025-03-23T20:25:52.488+0000] {processor.py:175} INFO - Processing /opt/airflow/dags/smooth.py took 0.225 seconds
[2025-03-23T20:26:22.694+0000] {processor.py:153} INFO - Started process (PID=250) to work on /opt/airflow/dags/smooth.py
[2025-03-23T20:26:22.695+0000] {processor.py:743} INFO - Processing file /opt/airflow/dags/smooth.py for tasks to queue
[2025-03-23T20:26:22.696+0000] {logging_mixin.py:137} INFO - [2025-03-23T20:26:22.696+0000] {dagbag.py:538} INFO - Filling up the DagBag from /opt/airflow/dags/smooth.py
[2025-03-23T20:26:22.728+0000] {processor.py:753} INFO - DAG(s) dict_keys(['smooth']) retrieved from /opt/airflow/dags/smooth.py
[2025-03-23T20:26:22.763+0000] {logging_mixin.py:137} INFO - [2025-03-23T20:26:22.763+0000] {dag.py:2690} INFO - Sync 1 DAGs
[2025-03-23T20:26:22.816+0000] {logging_mixin.py:137} INFO - [2025-03-23T20:26:22.815+0000] {dag.py:3441} INFO - Setting next_dagrun for smooth to 2025-03-23T20:00:00+00:00, run_after=2025-03-23T21:00:00+00:00
[2025-03-23T20:26:22.962+0000] {processor.py:175} INFO - Processing /opt/airflow/dags/smooth.py took 0.272 seconds
[2025-03-23T20:26:53.172+0000] {processor.py:153} INFO - Started process (PID=283) to work on /opt/airflow/dags/smooth.py
[2025-03-23T20:26:53.175+0000] {processor.py:743} INFO - Processing file /opt/airflow/dags/smooth.py for tasks to queue
[2025-03-23T20:26:53.178+0000] {logging_mixin.py:137} INFO - [2025-03-23T20:26:53.178+0000] {dagbag.py:538} INFO - Filling up the DagBag from /opt/airflow/dags/smooth.py
[2025-03-23T20:26:53.223+0000] {processor.py:753} INFO - DAG(s) dict_keys(['smooth']) retrieved from /opt/airflow/dags/smooth.py
[2025-03-23T20:26:53.276+0000] {logging_mixin.py:137} INFO - [2025-03-23T20:26:53.276+0000] {dag.py:2690} INFO - Sync 1 DAGs
[2025-03-23T20:26:53.330+0000] {logging_mixin.py:137} INFO - [2025-03-23T20:26:53.329+0000] {dag.py:3441} INFO - Setting next_dagrun for smooth to 2025-03-23T20:00:00+00:00, run_after=2025-03-23T21:00:00+00:00
[2025-03-23T20:26:53.412+0000] {processor.py:175} INFO - Processing /opt/airflow/dags/smooth.py took 0.253 seconds
[2025-03-23T20:27:23.605+0000] {processor.py:153} INFO - Started process (PID=332) to work on /opt/airflow/dags/smooth.py
[2025-03-23T20:27:23.606+0000] {processor.py:743} INFO - Processing file /opt/airflow/dags/smooth.py for tasks to queue
[2025-03-23T20:27:23.608+0000] {logging_mixin.py:137} INFO - [2025-03-23T20:27:23.608+0000] {dagbag.py:538} INFO - Filling up the DagBag from /opt/airflow/dags/smooth.py
[2025-03-23T20:27:23.642+0000] {processor.py:753} INFO - DAG(s) dict_keys(['smooth']) retrieved from /opt/airflow/dags/smooth.py
[2025-03-23T20:27:23.683+0000] {logging_mixin.py:137} INFO - [2025-03-23T20:27:23.683+0000] {dag.py:2690} INFO - Sync 1 DAGs
[2025-03-23T20:27:23.723+0000] {logging_mixin.py:137} INFO - [2025-03-23T20:27:23.723+0000] {dag.py:3441} INFO - Setting next_dagrun for smooth to 2025-03-23T20:00:00+00:00, run_after=2025-03-23T21:00:00+00:00
[2025-03-23T20:27:23.835+0000] {processor.py:175} INFO - Processing /opt/airflow/dags/smooth.py took 0.235 seconds
[2025-03-23T20:27:54.013+0000] {processor.py:153} INFO - Started process (PID=365) to work on /opt/airflow/dags/smooth.py
[2025-03-23T20:27:54.019+0000] {processor.py:743} INFO - Processing file /opt/airflow/dags/smooth.py for tasks to queue
[2025-03-23T20:27:54.023+0000] {logging_mixin.py:137} INFO - [2025-03-23T20:27:54.023+0000] {dagbag.py:538} INFO - Filling up the DagBag from /opt/airflow/dags/smooth.py
[2025-03-23T20:27:54.075+0000] {processor.py:753} INFO - DAG(s) dict_keys(['smooth']) retrieved from /opt/airflow/dags/smooth.py
[2025-03-23T20:27:54.132+0000] {logging_mixin.py:137} INFO - [2025-03-23T20:27:54.131+0000] {dag.py:2690} INFO - Sync 1 DAGs
[2025-03-23T20:27:54.188+0000] {logging_mixin.py:137} INFO - [2025-03-23T20:27:54.187+0000] {dag.py:3441} INFO - Setting next_dagrun for smooth to 2025-03-23T20:00:00+00:00, run_after=2025-03-23T21:00:00+00:00
[2025-03-23T20:27:54.271+0000] {processor.py:175} INFO - Processing /opt/airflow/dags/smooth.py took 0.263 seconds
[2025-03-23T20:28:24.560+0000] {processor.py:153} INFO - Started process (PID=398) to work on /opt/airflow/dags/smooth.py
[2025-03-23T20:28:24.562+0000] {processor.py:743} INFO - Processing file /opt/airflow/dags/smooth.py for tasks to queue
[2025-03-23T20:28:24.563+0000] {logging_mixin.py:137} INFO - [2025-03-23T20:28:24.563+0000] {dagbag.py:538} INFO - Filling up the DagBag from /opt/airflow/dags/smooth.py
[2025-03-23T20:28:24.621+0000] {processor.py:753} INFO - DAG(s) dict_keys(['smooth']) retrieved from /opt/airflow/dags/smooth.py
[2025-03-23T20:28:24.675+0000] {logging_mixin.py:137} INFO - [2025-03-23T20:28:24.675+0000] {dag.py:2690} INFO - Sync 1 DAGs
[2025-03-23T20:28:24.753+0000] {logging_mixin.py:137} INFO - [2025-03-23T20:28:24.752+0000] {dag.py:3441} INFO - Setting next_dagrun for smooth to 2025-03-23T20:00:00+00:00, run_after=2025-03-23T21:00:00+00:00
[2025-03-23T20:28:24.872+0000] {processor.py:175} INFO - Processing /opt/airflow/dags/smooth.py took 0.320 seconds
[2025-03-23T20:28:55.110+0000] {processor.py:153} INFO - Started process (PID=431) to work on /opt/airflow/dags/smooth.py
[2025-03-23T20:28:55.111+0000] {processor.py:743} INFO - Processing file /opt/airflow/dags/smooth.py for tasks to queue
[2025-03-23T20:28:55.112+0000] {logging_mixin.py:137} INFO - [2025-03-23T20:28:55.112+0000] {dagbag.py:538} INFO - Filling up the DagBag from /opt/airflow/dags/smooth.py
[2025-03-23T20:28:55.145+0000] {processor.py:753} INFO - DAG(s) dict_keys(['smooth']) retrieved from /opt/airflow/dags/smooth.py
[2025-03-23T20:28:55.186+0000] {logging_mixin.py:137} INFO - [2025-03-23T20:28:55.186+0000] {dag.py:2690} INFO - Sync 1 DAGs
[2025-03-23T20:28:55.223+0000] {logging_mixin.py:137} INFO - [2025-03-23T20:28:55.223+0000] {dag.py:3441} INFO - Setting next_dagrun for smooth to 2025-03-23T20:00:00+00:00, run_after=2025-03-23T21:00:00+00:00
[2025-03-23T20:28:55.297+0000] {processor.py:175} INFO - Processing /opt/airflow/dags/smooth.py took 0.192 seconds
[2025-03-23T20:29:25.338+0000] {processor.py:153} INFO - Started process (PID=480) to work on /opt/airflow/dags/smooth.py
[2025-03-23T20:29:25.340+0000] {processor.py:743} INFO - Processing file /opt/airflow/dags/smooth.py for tasks to queue
[2025-03-23T20:29:25.341+0000] {logging_mixin.py:137} INFO - [2025-03-23T20:29:25.341+0000] {dagbag.py:538} INFO - Filling up the DagBag from /opt/airflow/dags/smooth.py
[2025-03-23T20:29:25.394+0000] {processor.py:753} INFO - DAG(s) dict_keys(['smooth']) retrieved from /opt/airflow/dags/smooth.py
[2025-03-23T20:29:25.452+0000] {logging_mixin.py:137} INFO - [2025-03-23T20:29:25.451+0000] {dag.py:2690} INFO - Sync 1 DAGs
[2025-03-23T20:29:25.520+0000] {logging_mixin.py:137} INFO - [2025-03-23T20:29:25.520+0000] {dag.py:3441} INFO - Setting next_dagrun for smooth to 2025-03-23T20:00:00+00:00, run_after=2025-03-23T21:00:00+00:00
[2025-03-23T20:29:25.635+0000] {processor.py:175} INFO - Processing /opt/airflow/dags/smooth.py took 0.304 seconds
[2025-03-23T20:29:55.810+0000] {processor.py:153} INFO - Started process (PID=513) to work on /opt/airflow/dags/smooth.py
[2025-03-23T20:29:55.811+0000] {processor.py:743} INFO - Processing file /opt/airflow/dags/smooth.py for tasks to queue
[2025-03-23T20:29:55.812+0000] {logging_mixin.py:137} INFO - [2025-03-23T20:29:55.812+0000] {dagbag.py:538} INFO - Filling up the DagBag from /opt/airflow/dags/smooth.py
[2025-03-23T20:29:55.855+0000] {processor.py:753} INFO - DAG(s) dict_keys(['smooth']) retrieved from /opt/airflow/dags/smooth.py
[2025-03-23T20:29:55.918+0000] {logging_mixin.py:137} INFO - [2025-03-23T20:29:55.918+0000] {dag.py:2690} INFO - Sync 1 DAGs
[2025-03-23T20:29:55.967+0000] {logging_mixin.py:137} INFO - [2025-03-23T20:29:55.966+0000] {dag.py:3441} INFO - Setting next_dagrun for smooth to 2025-03-23T20:00:00+00:00, run_after=2025-03-23T21:00:00+00:00
[2025-03-23T20:29:56.145+0000] {processor.py:175} INFO - Processing /opt/airflow/dags/smooth.py took 0.340 seconds
[2025-03-23T20:30:26.407+0000] {processor.py:153} INFO - Started process (PID=546) to work on /opt/airflow/dags/smooth.py
[2025-03-23T20:30:26.408+0000] {processor.py:743} INFO - Processing file /opt/airflow/dags/smooth.py for tasks to queue
[2025-03-23T20:30:26.409+0000] {logging_mixin.py:137} INFO - [2025-03-23T20:30:26.409+0000] {dagbag.py:538} INFO - Filling up the DagBag from /opt/airflow/dags/smooth.py
[2025-03-23T20:30:26.443+0000] {processor.py:753} INFO - DAG(s) dict_keys(['smooth']) retrieved from /opt/airflow/dags/smooth.py
[2025-03-23T20:30:26.478+0000] {logging_mixin.py:137} INFO - [2025-03-23T20:30:26.478+0000] {dag.py:2690} INFO - Sync 1 DAGs
[2025-03-23T20:30:26.520+0000] {logging_mixin.py:137} INFO - [2025-03-23T20:30:26.520+0000] {dag.py:3441} INFO - Setting next_dagrun for smooth to 2025-03-23T20:00:00+00:00, run_after=2025-03-23T21:00:00+00:00
[2025-03-23T20:30:26.622+0000] {processor.py:175} INFO - Processing /opt/airflow/dags/smooth.py took 0.221 seconds
[2025-03-23T20:30:56.684+0000] {processor.py:153} INFO - Started process (PID=579) to work on /opt/airflow/dags/smooth.py
[2025-03-23T20:30:56.687+0000] {processor.py:743} INFO - Processing file /opt/airflow/dags/smooth.py for tasks to queue
[2025-03-23T20:30:56.694+0000] {logging_mixin.py:137} INFO - [2025-03-23T20:30:56.693+0000] {dagbag.py:538} INFO - Filling up the DagBag from /opt/airflow/dags/smooth.py
[2025-03-23T20:30:56.772+0000] {processor.py:753} INFO - DAG(s) dict_keys(['smooth']) retrieved from /opt/airflow/dags/smooth.py
[2025-03-23T20:30:56.840+0000] {logging_mixin.py:137} INFO - [2025-03-23T20:30:56.839+0000] {dag.py:2690} INFO - Sync 1 DAGs
[2025-03-23T20:30:56.907+0000] {logging_mixin.py:137} INFO - [2025-03-23T20:30:56.906+0000] {dag.py:3441} INFO - Setting next_dagrun for smooth to 2025-03-23T20:00:00+00:00, run_after=2025-03-23T21:00:00+00:00
[2025-03-23T20:30:56.974+0000] {processor.py:175} INFO - Processing /opt/airflow/dags/smooth.py took 0.307 seconds
[2025-03-23T20:31:27.145+0000] {processor.py:153} INFO - Started process (PID=621) to work on /opt/airflow/dags/smooth.py
[2025-03-23T20:31:27.147+0000] {processor.py:743} INFO - Processing file /opt/airflow/dags/smooth.py for tasks to queue
[2025-03-23T20:31:27.148+0000] {logging_mixin.py:137} INFO - [2025-03-23T20:31:27.148+0000] {dagbag.py:538} INFO - Filling up the DagBag from /opt/airflow/dags/smooth.py
[2025-03-23T20:31:27.191+0000] {processor.py:753} INFO - DAG(s) dict_keys(['smooth']) retrieved from /opt/airflow/dags/smooth.py
[2025-03-23T20:31:27.228+0000] {logging_mixin.py:137} INFO - [2025-03-23T20:31:27.228+0000] {dag.py:2690} INFO - Sync 1 DAGs
[2025-03-23T20:31:27.269+0000] {logging_mixin.py:137} INFO - [2025-03-23T20:31:27.268+0000] {dag.py:3441} INFO - Setting next_dagrun for smooth to 2025-03-23T20:00:00+00:00, run_after=2025-03-23T21:00:00+00:00
[2025-03-23T20:31:27.326+0000] {processor.py:175} INFO - Processing /opt/airflow/dags/smooth.py took 0.188 seconds
[2025-03-23T20:31:57.449+0000] {processor.py:153} INFO - Started process (PID=661) to work on /opt/airflow/dags/smooth.py
[2025-03-23T20:31:57.450+0000] {processor.py:743} INFO - Processing file /opt/airflow/dags/smooth.py for tasks to queue
[2025-03-23T20:31:57.451+0000] {logging_mixin.py:137} INFO - [2025-03-23T20:31:57.451+0000] {dagbag.py:538} INFO - Filling up the DagBag from /opt/airflow/dags/smooth.py
[2025-03-23T20:31:57.482+0000] {processor.py:753} INFO - DAG(s) dict_keys(['smooth']) retrieved from /opt/airflow/dags/smooth.py
[2025-03-23T20:31:57.516+0000] {logging_mixin.py:137} INFO - [2025-03-23T20:31:57.516+0000] {dag.py:2690} INFO - Sync 1 DAGs
[2025-03-23T20:31:57.554+0000] {logging_mixin.py:137} INFO - [2025-03-23T20:31:57.554+0000] {dag.py:3441} INFO - Setting next_dagrun for smooth to 2025-03-23T20:00:00+00:00, run_after=2025-03-23T21:00:00+00:00
[2025-03-23T20:31:57.624+0000] {processor.py:175} INFO - Processing /opt/airflow/dags/smooth.py took 0.180 seconds
[2025-03-23T20:32:27.792+0000] {processor.py:153} INFO - Started process (PID=694) to work on /opt/airflow/dags/smooth.py
[2025-03-23T20:32:27.794+0000] {processor.py:743} INFO - Processing file /opt/airflow/dags/smooth.py for tasks to queue
[2025-03-23T20:32:27.796+0000] {logging_mixin.py:137} INFO - [2025-03-23T20:32:27.795+0000] {dagbag.py:538} INFO - Filling up the DagBag from /opt/airflow/dags/smooth.py
[2025-03-23T20:32:27.828+0000] {processor.py:753} INFO - DAG(s) dict_keys(['smooth']) retrieved from /opt/airflow/dags/smooth.py
[2025-03-23T20:32:27.875+0000] {logging_mixin.py:137} INFO - [2025-03-23T20:32:27.874+0000] {dag.py:2690} INFO - Sync 1 DAGs
[2025-03-23T20:32:27.916+0000] {logging_mixin.py:137} INFO - [2025-03-23T20:32:27.916+0000] {dag.py:3441} INFO - Setting next_dagrun for smooth to 2025-03-23T20:00:00+00:00, run_after=2025-03-23T21:00:00+00:00
[2025-03-23T20:32:28.051+0000] {processor.py:175} INFO - Processing /opt/airflow/dags/smooth.py took 0.265 seconds
[2025-03-23T20:32:58.265+0000] {processor.py:153} INFO - Started process (PID=727) to work on /opt/airflow/dags/smooth.py
[2025-03-23T20:32:58.266+0000] {processor.py:743} INFO - Processing file /opt/airflow/dags/smooth.py for tasks to queue
[2025-03-23T20:32:58.268+0000] {logging_mixin.py:137} INFO - [2025-03-23T20:32:58.267+0000] {dagbag.py:538} INFO - Filling up the DagBag from /opt/airflow/dags/smooth.py
[2025-03-23T20:32:58.301+0000] {processor.py:753} INFO - DAG(s) dict_keys(['smooth']) retrieved from /opt/airflow/dags/smooth.py
[2025-03-23T20:32:58.339+0000] {logging_mixin.py:137} INFO - [2025-03-23T20:32:58.339+0000] {dag.py:2690} INFO - Sync 1 DAGs
[2025-03-23T20:32:58.377+0000] {logging_mixin.py:137} INFO - [2025-03-23T20:32:58.377+0000] {dag.py:3441} INFO - Setting next_dagrun for smooth to 2025-03-23T20:00:00+00:00, run_after=2025-03-23T21:00:00+00:00
[2025-03-23T20:32:58.469+0000] {processor.py:175} INFO - Processing /opt/airflow/dags/smooth.py took 0.210 seconds
[2025-03-23T20:33:28.704+0000] {processor.py:153} INFO - Started process (PID=776) to work on /opt/airflow/dags/smooth.py
[2025-03-23T20:33:28.705+0000] {processor.py:743} INFO - Processing file /opt/airflow/dags/smooth.py for tasks to queue
[2025-03-23T20:33:28.707+0000] {logging_mixin.py:137} INFO - [2025-03-23T20:33:28.706+0000] {dagbag.py:538} INFO - Filling up the DagBag from /opt/airflow/dags/smooth.py
[2025-03-23T20:33:28.742+0000] {processor.py:753} INFO - DAG(s) dict_keys(['smooth']) retrieved from /opt/airflow/dags/smooth.py
[2025-03-23T20:33:28.780+0000] {logging_mixin.py:137} INFO - [2025-03-23T20:33:28.779+0000] {dag.py:2690} INFO - Sync 1 DAGs
[2025-03-23T20:33:28.827+0000] {logging_mixin.py:137} INFO - [2025-03-23T20:33:28.827+0000] {dag.py:3441} INFO - Setting next_dagrun for smooth to 2025-03-23T20:00:00+00:00, run_after=2025-03-23T21:00:00+00:00
[2025-03-23T20:33:28.974+0000] {processor.py:175} INFO - Processing /opt/airflow/dags/smooth.py took 0.275 seconds
[2025-03-23T20:33:59.197+0000] {processor.py:153} INFO - Started process (PID=809) to work on /opt/airflow/dags/smooth.py
[2025-03-23T20:33:59.198+0000] {processor.py:743} INFO - Processing file /opt/airflow/dags/smooth.py for tasks to queue
[2025-03-23T20:33:59.200+0000] {logging_mixin.py:137} INFO - [2025-03-23T20:33:59.199+0000] {dagbag.py:538} INFO - Filling up the DagBag from /opt/airflow/dags/smooth.py
[2025-03-23T20:33:59.231+0000] {processor.py:753} INFO - DAG(s) dict_keys(['smooth']) retrieved from /opt/airflow/dags/smooth.py
[2025-03-23T20:33:59.268+0000] {logging_mixin.py:137} INFO - [2025-03-23T20:33:59.267+0000] {dag.py:2690} INFO - Sync 1 DAGs
[2025-03-23T20:33:59.325+0000] {logging_mixin.py:137} INFO - [2025-03-23T20:33:59.324+0000] {dag.py:3441} INFO - Setting next_dagrun for smooth to 2025-03-23T20:00:00+00:00, run_after=2025-03-23T21:00:00+00:00
[2025-03-23T20:33:59.392+0000] {processor.py:175} INFO - Processing /opt/airflow/dags/smooth.py took 0.202 seconds
[2025-03-23T20:34:29.607+0000] {processor.py:153} INFO - Started process (PID=842) to work on /opt/airflow/dags/smooth.py
[2025-03-23T20:34:29.608+0000] {processor.py:743} INFO - Processing file /opt/airflow/dags/smooth.py for tasks to queue
[2025-03-23T20:34:29.609+0000] {logging_mixin.py:137} INFO - [2025-03-23T20:34:29.609+0000] {dagbag.py:538} INFO - Filling up the DagBag from /opt/airflow/dags/smooth.py
[2025-03-23T20:34:29.646+0000] {processor.py:753} INFO - DAG(s) dict_keys(['smooth']) retrieved from /opt/airflow/dags/smooth.py
[2025-03-23T20:34:29.688+0000] {logging_mixin.py:137} INFO - [2025-03-23T20:34:29.688+0000] {dag.py:2690} INFO - Sync 1 DAGs
[2025-03-23T20:34:29.724+0000] {logging_mixin.py:137} INFO - [2025-03-23T20:34:29.724+0000] {dag.py:3441} INFO - Setting next_dagrun for smooth to 2025-03-23T20:00:00+00:00, run_after=2025-03-23T21:00:00+00:00
[2025-03-23T20:34:29.785+0000] {processor.py:175} INFO - Processing /opt/airflow/dags/smooth.py took 0.183 seconds
[2025-03-23T20:34:59.986+0000] {processor.py:153} INFO - Started process (PID=891) to work on /opt/airflow/dags/smooth.py
[2025-03-23T20:34:59.987+0000] {processor.py:743} INFO - Processing file /opt/airflow/dags/smooth.py for tasks to queue
[2025-03-23T20:34:59.990+0000] {logging_mixin.py:137} INFO - [2025-03-23T20:34:59.989+0000] {dagbag.py:538} INFO - Filling up the DagBag from /opt/airflow/dags/smooth.py
[2025-03-23T20:35:00.031+0000] {processor.py:753} INFO - DAG(s) dict_keys(['smooth']) retrieved from /opt/airflow/dags/smooth.py
[2025-03-23T20:35:00.065+0000] {logging_mixin.py:137} INFO - [2025-03-23T20:35:00.064+0000] {dag.py:2690} INFO - Sync 1 DAGs
[2025-03-23T20:35:00.101+0000] {logging_mixin.py:137} INFO - [2025-03-23T20:35:00.101+0000] {dag.py:3441} INFO - Setting next_dagrun for smooth to 2025-03-23T20:00:00+00:00, run_after=2025-03-23T21:00:00+00:00
[2025-03-23T20:35:00.229+0000] {processor.py:175} INFO - Processing /opt/airflow/dags/smooth.py took 0.253 seconds
[2025-03-23T20:35:30.454+0000] {processor.py:153} INFO - Started process (PID=924) to work on /opt/airflow/dags/smooth.py
[2025-03-23T20:35:30.457+0000] {processor.py:743} INFO - Processing file /opt/airflow/dags/smooth.py for tasks to queue
[2025-03-23T20:35:30.459+0000] {logging_mixin.py:137} INFO - [2025-03-23T20:35:30.458+0000] {dagbag.py:538} INFO - Filling up the DagBag from /opt/airflow/dags/smooth.py
[2025-03-23T20:35:30.494+0000] {processor.py:753} INFO - DAG(s) dict_keys(['smooth']) retrieved from /opt/airflow/dags/smooth.py
[2025-03-23T20:35:30.528+0000] {logging_mixin.py:137} INFO - [2025-03-23T20:35:30.528+0000] {dag.py:2690} INFO - Sync 1 DAGs
[2025-03-23T20:35:30.571+0000] {logging_mixin.py:137} INFO - [2025-03-23T20:35:30.571+0000] {dag.py:3441} INFO - Setting next_dagrun for smooth to 2025-03-23T20:00:00+00:00, run_after=2025-03-23T21:00:00+00:00
[2025-03-23T20:35:30.623+0000] {processor.py:175} INFO - Processing /opt/airflow/dags/smooth.py took 0.183 seconds
[2025-03-23T20:36:00.841+0000] {processor.py:153} INFO - Started process (PID=957) to work on /opt/airflow/dags/smooth.py
[2025-03-23T20:36:00.842+0000] {processor.py:743} INFO - Processing file /opt/airflow/dags/smooth.py for tasks to queue
[2025-03-23T20:36:00.844+0000] {logging_mixin.py:137} INFO - [2025-03-23T20:36:00.843+0000] {dagbag.py:538} INFO - Filling up the DagBag from /opt/airflow/dags/smooth.py
[2025-03-23T20:36:00.888+0000] {processor.py:753} INFO - DAG(s) dict_keys(['smooth']) retrieved from /opt/airflow/dags/smooth.py
[2025-03-23T20:36:00.922+0000] {logging_mixin.py:137} INFO - [2025-03-23T20:36:00.922+0000] {dag.py:2690} INFO - Sync 1 DAGs
[2025-03-23T20:36:00.966+0000] {logging_mixin.py:137} INFO - [2025-03-23T20:36:00.965+0000] {dag.py:3441} INFO - Setting next_dagrun for smooth to 2025-03-23T20:00:00+00:00, run_after=2025-03-23T21:00:00+00:00
[2025-03-23T20:36:01.026+0000] {processor.py:175} INFO - Processing /opt/airflow/dags/smooth.py took 0.190 seconds
[2025-03-23T20:36:31.064+0000] {processor.py:153} INFO - Started process (PID=1006) to work on /opt/airflow/dags/smooth.py
[2025-03-23T20:36:31.065+0000] {processor.py:743} INFO - Processing file /opt/airflow/dags/smooth.py for tasks to queue
[2025-03-23T20:36:31.067+0000] {logging_mixin.py:137} INFO - [2025-03-23T20:36:31.067+0000] {dagbag.py:538} INFO - Filling up the DagBag from /opt/airflow/dags/smooth.py
[2025-03-23T20:36:31.098+0000] {processor.py:753} INFO - DAG(s) dict_keys(['smooth']) retrieved from /opt/airflow/dags/smooth.py
[2025-03-23T20:36:31.146+0000] {logging_mixin.py:137} INFO - [2025-03-23T20:36:31.146+0000] {dag.py:2690} INFO - Sync 1 DAGs
[2025-03-23T20:36:31.191+0000] {logging_mixin.py:137} INFO - [2025-03-23T20:36:31.191+0000] {dag.py:3441} INFO - Setting next_dagrun for smooth to 2025-03-23T20:00:00+00:00, run_after=2025-03-23T21:00:00+00:00
[2025-03-23T20:36:31.263+0000] {processor.py:175} INFO - Processing /opt/airflow/dags/smooth.py took 0.203 seconds
[2025-03-23T20:37:01.486+0000] {processor.py:153} INFO - Started process (PID=1039) to work on /opt/airflow/dags/smooth.py
[2025-03-23T20:37:01.487+0000] {processor.py:743} INFO - Processing file /opt/airflow/dags/smooth.py for tasks to queue
[2025-03-23T20:37:01.488+0000] {logging_mixin.py:137} INFO - [2025-03-23T20:37:01.488+0000] {dagbag.py:538} INFO - Filling up the DagBag from /opt/airflow/dags/smooth.py
[2025-03-23T20:37:01.519+0000] {processor.py:753} INFO - DAG(s) dict_keys(['smooth']) retrieved from /opt/airflow/dags/smooth.py
[2025-03-23T20:37:01.554+0000] {logging_mixin.py:137} INFO - [2025-03-23T20:37:01.554+0000] {dag.py:2690} INFO - Sync 1 DAGs
[2025-03-23T20:37:01.590+0000] {logging_mixin.py:137} INFO - [2025-03-23T20:37:01.590+0000] {dag.py:3441} INFO - Setting next_dagrun for smooth to 2025-03-23T20:00:00+00:00, run_after=2025-03-23T21:00:00+00:00
[2025-03-23T20:37:01.720+0000] {processor.py:175} INFO - Processing /opt/airflow/dags/smooth.py took 0.244 seconds
[2025-03-23T20:37:31.766+0000] {processor.py:153} INFO - Started process (PID=1072) to work on /opt/airflow/dags/smooth.py
[2025-03-23T20:37:31.770+0000] {processor.py:743} INFO - Processing file /opt/airflow/dags/smooth.py for tasks to queue
[2025-03-23T20:37:31.773+0000] {logging_mixin.py:137} INFO - [2025-03-23T20:37:31.773+0000] {dagbag.py:538} INFO - Filling up the DagBag from /opt/airflow/dags/smooth.py
[2025-03-23T20:37:31.820+0000] {processor.py:753} INFO - DAG(s) dict_keys(['smooth']) retrieved from /opt/airflow/dags/smooth.py
[2025-03-23T20:37:31.858+0000] {logging_mixin.py:137} INFO - [2025-03-23T20:37:31.858+0000] {dag.py:2690} INFO - Sync 1 DAGs
[2025-03-23T20:37:31.894+0000] {logging_mixin.py:137} INFO - [2025-03-23T20:37:31.894+0000] {dag.py:3441} INFO - Setting next_dagrun for smooth to 2025-03-23T20:00:00+00:00, run_after=2025-03-23T21:00:00+00:00
[2025-03-23T20:37:32.019+0000] {processor.py:175} INFO - Processing /opt/airflow/dags/smooth.py took 0.268 seconds
[2025-03-23T20:38:02.193+0000] {processor.py:153} INFO - Started process (PID=1121) to work on /opt/airflow/dags/smooth.py
[2025-03-23T20:38:02.196+0000] {processor.py:743} INFO - Processing file /opt/airflow/dags/smooth.py for tasks to queue
[2025-03-23T20:38:02.198+0000] {logging_mixin.py:137} INFO - [2025-03-23T20:38:02.198+0000] {dagbag.py:538} INFO - Filling up the DagBag from /opt/airflow/dags/smooth.py
[2025-03-23T20:38:02.232+0000] {processor.py:753} INFO - DAG(s) dict_keys(['smooth']) retrieved from /opt/airflow/dags/smooth.py
[2025-03-23T20:38:02.269+0000] {logging_mixin.py:137} INFO - [2025-03-23T20:38:02.268+0000] {dag.py:2690} INFO - Sync 1 DAGs
[2025-03-23T20:38:02.314+0000] {logging_mixin.py:137} INFO - [2025-03-23T20:38:02.313+0000] {dag.py:3441} INFO - Setting next_dagrun for smooth to 2025-03-23T20:00:00+00:00, run_after=2025-03-23T21:00:00+00:00
[2025-03-23T20:38:02.415+0000] {processor.py:175} INFO - Processing /opt/airflow/dags/smooth.py took 0.230 seconds
[2025-03-23T20:38:32.533+0000] {processor.py:153} INFO - Started process (PID=1153) to work on /opt/airflow/dags/smooth.py
[2025-03-23T20:38:32.536+0000] {processor.py:743} INFO - Processing file /opt/airflow/dags/smooth.py for tasks to queue
[2025-03-23T20:38:32.540+0000] {logging_mixin.py:137} INFO - [2025-03-23T20:38:32.539+0000] {dagbag.py:538} INFO - Filling up the DagBag from /opt/airflow/dags/smooth.py
[2025-03-23T20:38:32.592+0000] {processor.py:753} INFO - DAG(s) dict_keys(['smooth']) retrieved from /opt/airflow/dags/smooth.py
[2025-03-23T20:38:32.628+0000] {logging_mixin.py:137} INFO - [2025-03-23T20:38:32.628+0000] {dag.py:2690} INFO - Sync 1 DAGs
[2025-03-23T20:38:32.700+0000] {logging_mixin.py:137} INFO - [2025-03-23T20:38:32.700+0000] {dag.py:3441} INFO - Setting next_dagrun for smooth to 2025-03-23T20:00:00+00:00, run_after=2025-03-23T21:00:00+00:00
[2025-03-23T20:38:32.794+0000] {processor.py:175} INFO - Processing /opt/airflow/dags/smooth.py took 0.274 seconds
[2025-03-23T20:39:02.882+0000] {processor.py:153} INFO - Started process (PID=1186) to work on /opt/airflow/dags/smooth.py
[2025-03-23T20:39:02.883+0000] {processor.py:743} INFO - Processing file /opt/airflow/dags/smooth.py for tasks to queue
[2025-03-23T20:39:02.885+0000] {logging_mixin.py:137} INFO - [2025-03-23T20:39:02.884+0000] {dagbag.py:538} INFO - Filling up the DagBag from /opt/airflow/dags/smooth.py
[2025-03-23T20:39:02.921+0000] {processor.py:753} INFO - DAG(s) dict_keys(['smooth']) retrieved from /opt/airflow/dags/smooth.py
[2025-03-23T20:39:02.955+0000] {logging_mixin.py:137} INFO - [2025-03-23T20:39:02.954+0000] {dag.py:2690} INFO - Sync 1 DAGs
[2025-03-23T20:39:02.997+0000] {logging_mixin.py:137} INFO - [2025-03-23T20:39:02.997+0000] {dag.py:3441} INFO - Setting next_dagrun for smooth to 2025-03-23T20:00:00+00:00, run_after=2025-03-23T21:00:00+00:00
[2025-03-23T20:39:03.154+0000] {processor.py:175} INFO - Processing /opt/airflow/dags/smooth.py took 0.277 seconds
[2025-03-23T20:39:33.225+0000] {processor.py:153} INFO - Started process (PID=1235) to work on /opt/airflow/dags/smooth.py
[2025-03-23T20:39:33.226+0000] {processor.py:743} INFO - Processing file /opt/airflow/dags/smooth.py for tasks to queue
[2025-03-23T20:39:33.228+0000] {logging_mixin.py:137} INFO - [2025-03-23T20:39:33.228+0000] {dagbag.py:538} INFO - Filling up the DagBag from /opt/airflow/dags/smooth.py
[2025-03-23T20:39:33.264+0000] {processor.py:753} INFO - DAG(s) dict_keys(['smooth']) retrieved from /opt/airflow/dags/smooth.py
[2025-03-23T20:39:33.315+0000] {logging_mixin.py:137} INFO - [2025-03-23T20:39:33.315+0000] {dag.py:2690} INFO - Sync 1 DAGs
[2025-03-23T20:39:33.363+0000] {logging_mixin.py:137} INFO - [2025-03-23T20:39:33.363+0000] {dag.py:3441} INFO - Setting next_dagrun for smooth to 2025-03-23T20:00:00+00:00, run_after=2025-03-23T21:00:00+00:00
[2025-03-23T20:39:33.462+0000] {processor.py:175} INFO - Processing /opt/airflow/dags/smooth.py took 0.242 seconds
[2025-03-23T20:40:03.582+0000] {processor.py:153} INFO - Started process (PID=1268) to work on /opt/airflow/dags/smooth.py
[2025-03-23T20:40:03.586+0000] {processor.py:743} INFO - Processing file /opt/airflow/dags/smooth.py for tasks to queue
[2025-03-23T20:40:03.589+0000] {logging_mixin.py:137} INFO - [2025-03-23T20:40:03.588+0000] {dagbag.py:538} INFO - Filling up the DagBag from /opt/airflow/dags/smooth.py
[2025-03-23T20:40:03.646+0000] {processor.py:753} INFO - DAG(s) dict_keys(['smooth']) retrieved from /opt/airflow/dags/smooth.py
[2025-03-23T20:40:03.683+0000] {logging_mixin.py:137} INFO - [2025-03-23T20:40:03.683+0000] {dag.py:2690} INFO - Sync 1 DAGs
[2025-03-23T20:40:03.720+0000] {logging_mixin.py:137} INFO - [2025-03-23T20:40:03.720+0000] {dag.py:3441} INFO - Setting next_dagrun for smooth to 2025-03-23T20:00:00+00:00, run_after=2025-03-23T21:00:00+00:00
[2025-03-23T20:40:03.804+0000] {processor.py:175} INFO - Processing /opt/airflow/dags/smooth.py took 0.235 seconds
[2025-03-23T20:40:33.880+0000] {processor.py:153} INFO - Started process (PID=1301) to work on /opt/airflow/dags/smooth.py
[2025-03-23T20:40:33.882+0000] {processor.py:743} INFO - Processing file /opt/airflow/dags/smooth.py for tasks to queue
[2025-03-23T20:40:33.883+0000] {logging_mixin.py:137} INFO - [2025-03-23T20:40:33.883+0000] {dagbag.py:538} INFO - Filling up the DagBag from /opt/airflow/dags/smooth.py
[2025-03-23T20:40:33.920+0000] {processor.py:753} INFO - DAG(s) dict_keys(['smooth']) retrieved from /opt/airflow/dags/smooth.py
[2025-03-23T20:40:33.955+0000] {logging_mixin.py:137} INFO - [2025-03-23T20:40:33.955+0000] {dag.py:2690} INFO - Sync 1 DAGs
[2025-03-23T20:40:33.993+0000] {logging_mixin.py:137} INFO - [2025-03-23T20:40:33.992+0000] {dag.py:3441} INFO - Setting next_dagrun for smooth to 2025-03-23T20:00:00+00:00, run_after=2025-03-23T21:00:00+00:00
[2025-03-23T20:40:34.099+0000] {processor.py:175} INFO - Processing /opt/airflow/dags/smooth.py took 0.224 seconds
[2025-03-23T20:41:04.217+0000] {processor.py:153} INFO - Started process (PID=1350) to work on /opt/airflow/dags/smooth.py
[2025-03-23T20:41:04.219+0000] {processor.py:743} INFO - Processing file /opt/airflow/dags/smooth.py for tasks to queue
[2025-03-23T20:41:04.223+0000] {logging_mixin.py:137} INFO - [2025-03-23T20:41:04.223+0000] {dagbag.py:538} INFO - Filling up the DagBag from /opt/airflow/dags/smooth.py
[2025-03-23T20:41:04.260+0000] {processor.py:753} INFO - DAG(s) dict_keys(['smooth']) retrieved from /opt/airflow/dags/smooth.py
[2025-03-23T20:41:04.310+0000] {logging_mixin.py:137} INFO - [2025-03-23T20:41:04.310+0000] {dag.py:2690} INFO - Sync 1 DAGs
[2025-03-23T20:41:04.349+0000] {logging_mixin.py:137} INFO - [2025-03-23T20:41:04.348+0000] {dag.py:3441} INFO - Setting next_dagrun for smooth to 2025-03-23T20:00:00+00:00, run_after=2025-03-23T21:00:00+00:00
[2025-03-23T20:41:04.429+0000] {processor.py:175} INFO - Processing /opt/airflow/dags/smooth.py took 0.218 seconds
[2025-03-23T20:41:34.504+0000] {processor.py:153} INFO - Started process (PID=1383) to work on /opt/airflow/dags/smooth.py
[2025-03-23T20:41:34.506+0000] {processor.py:743} INFO - Processing file /opt/airflow/dags/smooth.py for tasks to queue
[2025-03-23T20:41:34.507+0000] {logging_mixin.py:137} INFO - [2025-03-23T20:41:34.507+0000] {dagbag.py:538} INFO - Filling up the DagBag from /opt/airflow/dags/smooth.py
[2025-03-23T20:41:34.538+0000] {processor.py:753} INFO - DAG(s) dict_keys(['smooth']) retrieved from /opt/airflow/dags/smooth.py
[2025-03-23T20:41:34.572+0000] {logging_mixin.py:137} INFO - [2025-03-23T20:41:34.572+0000] {dag.py:2690} INFO - Sync 1 DAGs
[2025-03-23T20:41:34.615+0000] {logging_mixin.py:137} INFO - [2025-03-23T20:41:34.615+0000] {dag.py:3441} INFO - Setting next_dagrun for smooth to 2025-03-23T20:00:00+00:00, run_after=2025-03-23T21:00:00+00:00
[2025-03-23T20:41:34.698+0000] {processor.py:175} INFO - Processing /opt/airflow/dags/smooth.py took 0.198 seconds
[2025-03-23T20:42:04.838+0000] {processor.py:153} INFO - Started process (PID=1416) to work on /opt/airflow/dags/smooth.py
[2025-03-23T20:42:04.839+0000] {processor.py:743} INFO - Processing file /opt/airflow/dags/smooth.py for tasks to queue
[2025-03-23T20:42:04.840+0000] {logging_mixin.py:137} INFO - [2025-03-23T20:42:04.840+0000] {dagbag.py:538} INFO - Filling up the DagBag from /opt/airflow/dags/smooth.py
[2025-03-23T20:42:04.872+0000] {processor.py:753} INFO - DAG(s) dict_keys(['smooth']) retrieved from /opt/airflow/dags/smooth.py
[2025-03-23T20:42:04.910+0000] {logging_mixin.py:137} INFO - [2025-03-23T20:42:04.909+0000] {dag.py:2690} INFO - Sync 1 DAGs
[2025-03-23T20:42:04.960+0000] {logging_mixin.py:137} INFO - [2025-03-23T20:42:04.960+0000] {dag.py:3441} INFO - Setting next_dagrun for smooth to 2025-03-23T20:00:00+00:00, run_after=2025-03-23T21:00:00+00:00
[2025-03-23T20:42:05.053+0000] {processor.py:175} INFO - Processing /opt/airflow/dags/smooth.py took 0.219 seconds
[2025-03-23T20:42:35.119+0000] {processor.py:153} INFO - Started process (PID=1465) to work on /opt/airflow/dags/smooth.py
[2025-03-23T20:42:35.121+0000] {processor.py:743} INFO - Processing file /opt/airflow/dags/smooth.py for tasks to queue
[2025-03-23T20:42:35.122+0000] {logging_mixin.py:137} INFO - [2025-03-23T20:42:35.122+0000] {dagbag.py:538} INFO - Filling up the DagBag from /opt/airflow/dags/smooth.py
[2025-03-23T20:42:35.165+0000] {processor.py:753} INFO - DAG(s) dict_keys(['smooth']) retrieved from /opt/airflow/dags/smooth.py
[2025-03-23T20:42:35.213+0000] {logging_mixin.py:137} INFO - [2025-03-23T20:42:35.212+0000] {dag.py:2690} INFO - Sync 1 DAGs
[2025-03-23T20:42:35.261+0000] {logging_mixin.py:137} INFO - [2025-03-23T20:42:35.260+0000] {dag.py:3441} INFO - Setting next_dagrun for smooth to 2025-03-23T20:00:00+00:00, run_after=2025-03-23T21:00:00+00:00
[2025-03-23T20:42:35.377+0000] {processor.py:175} INFO - Processing /opt/airflow/dags/smooth.py took 0.266 seconds
[2025-03-23T20:43:05.444+0000] {processor.py:153} INFO - Started process (PID=1498) to work on /opt/airflow/dags/smooth.py
[2025-03-23T20:43:05.446+0000] {processor.py:743} INFO - Processing file /opt/airflow/dags/smooth.py for tasks to queue
[2025-03-23T20:43:05.447+0000] {logging_mixin.py:137} INFO - [2025-03-23T20:43:05.447+0000] {dagbag.py:538} INFO - Filling up the DagBag from /opt/airflow/dags/smooth.py
[2025-03-23T20:43:05.479+0000] {processor.py:753} INFO - DAG(s) dict_keys(['smooth']) retrieved from /opt/airflow/dags/smooth.py
[2025-03-23T20:43:05.522+0000] {logging_mixin.py:137} INFO - [2025-03-23T20:43:05.522+0000] {dag.py:2690} INFO - Sync 1 DAGs
[2025-03-23T20:43:05.561+0000] {logging_mixin.py:137} INFO - [2025-03-23T20:43:05.561+0000] {dag.py:3441} INFO - Setting next_dagrun for smooth to 2025-03-23T20:00:00+00:00, run_after=2025-03-23T21:00:00+00:00
[2025-03-23T20:43:05.776+0000] {processor.py:175} INFO - Processing /opt/airflow/dags/smooth.py took 0.338 seconds
[2025-03-23T20:43:36.033+0000] {processor.py:153} INFO - Started process (PID=1531) to work on /opt/airflow/dags/smooth.py
[2025-03-23T20:43:36.036+0000] {processor.py:743} INFO - Processing file /opt/airflow/dags/smooth.py for tasks to queue
[2025-03-23T20:43:36.038+0000] {logging_mixin.py:137} INFO - [2025-03-23T20:43:36.038+0000] {dagbag.py:538} INFO - Filling up the DagBag from /opt/airflow/dags/smooth.py
[2025-03-23T20:43:36.071+0000] {processor.py:753} INFO - DAG(s) dict_keys(['smooth']) retrieved from /opt/airflow/dags/smooth.py
[2025-03-23T20:43:36.104+0000] {logging_mixin.py:137} INFO - [2025-03-23T20:43:36.104+0000] {dag.py:2690} INFO - Sync 1 DAGs
[2025-03-23T20:43:36.142+0000] {logging_mixin.py:137} INFO - [2025-03-23T20:43:36.142+0000] {dag.py:3441} INFO - Setting next_dagrun for smooth to 2025-03-23T20:00:00+00:00, run_after=2025-03-23T21:00:00+00:00
[2025-03-23T20:43:36.254+0000] {processor.py:175} INFO - Processing /opt/airflow/dags/smooth.py took 0.235 seconds
[2025-03-23T20:44:06.499+0000] {processor.py:153} INFO - Started process (PID=1580) to work on /opt/airflow/dags/smooth.py
[2025-03-23T20:44:06.500+0000] {processor.py:743} INFO - Processing file /opt/airflow/dags/smooth.py for tasks to queue
[2025-03-23T20:44:06.502+0000] {logging_mixin.py:137} INFO - [2025-03-23T20:44:06.502+0000] {dagbag.py:538} INFO - Filling up the DagBag from /opt/airflow/dags/smooth.py
[2025-03-23T20:44:06.534+0000] {processor.py:753} INFO - DAG(s) dict_keys(['smooth']) retrieved from /opt/airflow/dags/smooth.py
[2025-03-23T20:44:06.571+0000] {logging_mixin.py:137} INFO - [2025-03-23T20:44:06.571+0000] {dag.py:2690} INFO - Sync 1 DAGs
[2025-03-23T20:44:06.636+0000] {logging_mixin.py:137} INFO - [2025-03-23T20:44:06.636+0000] {dag.py:3441} INFO - Setting next_dagrun for smooth to 2025-03-23T20:00:00+00:00, run_after=2025-03-23T21:00:00+00:00
[2025-03-23T20:44:06.705+0000] {processor.py:175} INFO - Processing /opt/airflow/dags/smooth.py took 0.210 seconds
[2025-03-23T20:44:36.775+0000] {processor.py:153} INFO - Started process (PID=1613) to work on /opt/airflow/dags/smooth.py
[2025-03-23T20:44:36.776+0000] {processor.py:743} INFO - Processing file /opt/airflow/dags/smooth.py for tasks to queue
[2025-03-23T20:44:36.777+0000] {logging_mixin.py:137} INFO - [2025-03-23T20:44:36.777+0000] {dagbag.py:538} INFO - Filling up the DagBag from /opt/airflow/dags/smooth.py
[2025-03-23T20:44:36.813+0000] {processor.py:753} INFO - DAG(s) dict_keys(['smooth']) retrieved from /opt/airflow/dags/smooth.py
[2025-03-23T20:44:36.847+0000] {logging_mixin.py:137} INFO - [2025-03-23T20:44:36.847+0000] {dag.py:2690} INFO - Sync 1 DAGs
[2025-03-23T20:44:36.884+0000] {logging_mixin.py:137} INFO - [2025-03-23T20:44:36.883+0000] {dag.py:3441} INFO - Setting next_dagrun for smooth to 2025-03-23T20:00:00+00:00, run_after=2025-03-23T21:00:00+00:00
[2025-03-23T20:44:36.972+0000] {processor.py:175} INFO - Processing /opt/airflow/dags/smooth.py took 0.202 seconds
[2025-03-23T20:45:07.162+0000] {processor.py:153} INFO - Started process (PID=1646) to work on /opt/airflow/dags/smooth.py
[2025-03-23T20:45:07.164+0000] {processor.py:743} INFO - Processing file /opt/airflow/dags/smooth.py for tasks to queue
[2025-03-23T20:45:07.166+0000] {logging_mixin.py:137} INFO - [2025-03-23T20:45:07.165+0000] {dagbag.py:538} INFO - Filling up the DagBag from /opt/airflow/dags/smooth.py
[2025-03-23T20:45:07.209+0000] {processor.py:753} INFO - DAG(s) dict_keys(['smooth']) retrieved from /opt/airflow/dags/smooth.py
[2025-03-23T20:45:07.243+0000] {logging_mixin.py:137} INFO - [2025-03-23T20:45:07.243+0000] {dag.py:2690} INFO - Sync 1 DAGs
[2025-03-23T20:45:07.294+0000] {logging_mixin.py:137} INFO - [2025-03-23T20:45:07.294+0000] {dag.py:3441} INFO - Setting next_dagrun for smooth to 2025-03-23T20:00:00+00:00, run_after=2025-03-23T21:00:00+00:00
[2025-03-23T20:45:07.419+0000] {processor.py:175} INFO - Processing /opt/airflow/dags/smooth.py took 0.261 seconds
[2025-03-23T20:45:37.635+0000] {processor.py:153} INFO - Started process (PID=1688) to work on /opt/airflow/dags/smooth.py
[2025-03-23T20:45:37.636+0000] {processor.py:743} INFO - Processing file /opt/airflow/dags/smooth.py for tasks to queue
[2025-03-23T20:45:37.638+0000] {logging_mixin.py:137} INFO - [2025-03-23T20:45:37.638+0000] {dagbag.py:538} INFO - Filling up the DagBag from /opt/airflow/dags/smooth.py
[2025-03-23T20:45:37.669+0000] {processor.py:753} INFO - DAG(s) dict_keys(['smooth']) retrieved from /opt/airflow/dags/smooth.py
[2025-03-23T20:45:37.704+0000] {logging_mixin.py:137} INFO - [2025-03-23T20:45:37.704+0000] {dag.py:2690} INFO - Sync 1 DAGs
[2025-03-23T20:45:37.743+0000] {logging_mixin.py:137} INFO - [2025-03-23T20:45:37.742+0000] {dag.py:3441} INFO - Setting next_dagrun for smooth to 2025-03-23T20:00:00+00:00, run_after=2025-03-23T21:00:00+00:00
[2025-03-23T20:45:37.828+0000] {processor.py:175} INFO - Processing /opt/airflow/dags/smooth.py took 0.200 seconds
[2025-03-23T20:46:08.040+0000] {processor.py:153} INFO - Started process (PID=1728) to work on /opt/airflow/dags/smooth.py
[2025-03-23T20:46:08.042+0000] {processor.py:743} INFO - Processing file /opt/airflow/dags/smooth.py for tasks to queue
[2025-03-23T20:46:08.043+0000] {logging_mixin.py:137} INFO - [2025-03-23T20:46:08.043+0000] {dagbag.py:538} INFO - Filling up the DagBag from /opt/airflow/dags/smooth.py
[2025-03-23T20:46:08.074+0000] {processor.py:753} INFO - DAG(s) dict_keys(['smooth']) retrieved from /opt/airflow/dags/smooth.py
[2025-03-23T20:46:08.108+0000] {logging_mixin.py:137} INFO - [2025-03-23T20:46:08.108+0000] {dag.py:2690} INFO - Sync 1 DAGs
[2025-03-23T20:46:08.145+0000] {logging_mixin.py:137} INFO - [2025-03-23T20:46:08.145+0000] {dag.py:3441} INFO - Setting next_dagrun for smooth to 2025-03-23T20:00:00+00:00, run_after=2025-03-23T21:00:00+00:00
[2025-03-23T20:46:08.259+0000] {processor.py:175} INFO - Processing /opt/airflow/dags/smooth.py took 0.224 seconds
[2025-03-23T20:46:38.498+0000] {processor.py:153} INFO - Started process (PID=1761) to work on /opt/airflow/dags/smooth.py
[2025-03-23T20:46:38.500+0000] {processor.py:743} INFO - Processing file /opt/airflow/dags/smooth.py for tasks to queue
[2025-03-23T20:46:38.502+0000] {logging_mixin.py:137} INFO - [2025-03-23T20:46:38.501+0000] {dagbag.py:538} INFO - Filling up the DagBag from /opt/airflow/dags/smooth.py
[2025-03-23T20:46:38.539+0000] {processor.py:753} INFO - DAG(s) dict_keys(['smooth']) retrieved from /opt/airflow/dags/smooth.py
[2025-03-23T20:46:38.580+0000] {logging_mixin.py:137} INFO - [2025-03-23T20:46:38.580+0000] {dag.py:2690} INFO - Sync 1 DAGs
[2025-03-23T20:46:38.618+0000] {logging_mixin.py:137} INFO - [2025-03-23T20:46:38.618+0000] {dag.py:3441} INFO - Setting next_dagrun for smooth to 2025-03-23T20:00:00+00:00, run_after=2025-03-23T21:00:00+00:00
[2025-03-23T20:46:38.699+0000] {processor.py:175} INFO - Processing /opt/airflow/dags/smooth.py took 0.207 seconds
[2025-03-23T20:47:08.907+0000] {processor.py:153} INFO - Started process (PID=1803) to work on /opt/airflow/dags/smooth.py
[2025-03-23T20:47:08.909+0000] {processor.py:743} INFO - Processing file /opt/airflow/dags/smooth.py for tasks to queue
[2025-03-23T20:47:08.910+0000] {logging_mixin.py:137} INFO - [2025-03-23T20:47:08.910+0000] {dagbag.py:538} INFO - Filling up the DagBag from /opt/airflow/dags/smooth.py
[2025-03-23T20:47:08.945+0000] {processor.py:753} INFO - DAG(s) dict_keys(['smooth']) retrieved from /opt/airflow/dags/smooth.py
[2025-03-23T20:47:08.984+0000] {logging_mixin.py:137} INFO - [2025-03-23T20:47:08.984+0000] {dag.py:2690} INFO - Sync 1 DAGs
[2025-03-23T20:47:09.023+0000] {logging_mixin.py:137} INFO - [2025-03-23T20:47:09.023+0000] {dag.py:3441} INFO - Setting next_dagrun for smooth to 2025-03-23T20:00:00+00:00, run_after=2025-03-23T21:00:00+00:00
[2025-03-23T20:47:09.132+0000] {processor.py:175} INFO - Processing /opt/airflow/dags/smooth.py took 0.230 seconds
[2025-03-23T20:47:39.344+0000] {processor.py:153} INFO - Started process (PID=1843) to work on /opt/airflow/dags/smooth.py
[2025-03-23T20:47:39.346+0000] {processor.py:743} INFO - Processing file /opt/airflow/dags/smooth.py for tasks to queue
[2025-03-23T20:47:39.348+0000] {logging_mixin.py:137} INFO - [2025-03-23T20:47:39.347+0000] {dagbag.py:538} INFO - Filling up the DagBag from /opt/airflow/dags/smooth.py
[2025-03-23T20:47:39.384+0000] {processor.py:753} INFO - DAG(s) dict_keys(['smooth']) retrieved from /opt/airflow/dags/smooth.py
[2025-03-23T20:47:39.422+0000] {logging_mixin.py:137} INFO - [2025-03-23T20:47:39.422+0000] {dag.py:2690} INFO - Sync 1 DAGs
[2025-03-23T20:47:39.469+0000] {logging_mixin.py:137} INFO - [2025-03-23T20:47:39.468+0000] {dag.py:3441} INFO - Setting next_dagrun for smooth to 2025-03-23T20:00:00+00:00, run_after=2025-03-23T21:00:00+00:00
[2025-03-23T20:47:39.930+0000] {processor.py:175} INFO - Processing /opt/airflow/dags/smooth.py took 0.591 seconds
[2025-03-23T20:48:10.198+0000] {processor.py:153} INFO - Started process (PID=1876) to work on /opt/airflow/dags/smooth.py
[2025-03-23T20:48:10.200+0000] {processor.py:743} INFO - Processing file /opt/airflow/dags/smooth.py for tasks to queue
[2025-03-23T20:48:10.203+0000] {logging_mixin.py:137} INFO - [2025-03-23T20:48:10.203+0000] {dagbag.py:538} INFO - Filling up the DagBag from /opt/airflow/dags/smooth.py
[2025-03-23T20:48:10.246+0000] {processor.py:753} INFO - DAG(s) dict_keys(['smooth']) retrieved from /opt/airflow/dags/smooth.py
[2025-03-23T20:48:10.279+0000] {logging_mixin.py:137} INFO - [2025-03-23T20:48:10.279+0000] {dag.py:2690} INFO - Sync 1 DAGs
[2025-03-23T20:48:10.320+0000] {logging_mixin.py:137} INFO - [2025-03-23T20:48:10.319+0000] {dag.py:3441} INFO - Setting next_dagrun for smooth to 2025-03-23T20:00:00+00:00, run_after=2025-03-23T21:00:00+00:00
[2025-03-23T20:48:10.646+0000] {processor.py:175} INFO - Processing /opt/airflow/dags/smooth.py took 0.465 seconds
[2025-03-23T20:48:40.773+0000] {processor.py:153} INFO - Started process (PID=1909) to work on /opt/airflow/dags/smooth.py
[2025-03-23T20:48:40.774+0000] {processor.py:743} INFO - Processing file /opt/airflow/dags/smooth.py for tasks to queue
[2025-03-23T20:48:40.776+0000] {logging_mixin.py:137} INFO - [2025-03-23T20:48:40.776+0000] {dagbag.py:538} INFO - Filling up the DagBag from /opt/airflow/dags/smooth.py
[2025-03-23T20:48:40.817+0000] {processor.py:753} INFO - DAG(s) dict_keys(['smooth']) retrieved from /opt/airflow/dags/smooth.py
[2025-03-23T20:48:40.855+0000] {logging_mixin.py:137} INFO - [2025-03-23T20:48:40.855+0000] {dag.py:2690} INFO - Sync 1 DAGs
[2025-03-23T20:48:40.896+0000] {logging_mixin.py:137} INFO - [2025-03-23T20:48:40.896+0000] {dag.py:3441} INFO - Setting next_dagrun for smooth to 2025-03-23T20:00:00+00:00, run_after=2025-03-23T21:00:00+00:00
[2025-03-23T20:48:41.006+0000] {processor.py:175} INFO - Processing /opt/airflow/dags/smooth.py took 0.241 seconds
[2025-03-23T20:49:11.058+0000] {processor.py:153} INFO - Started process (PID=1958) to work on /opt/airflow/dags/smooth.py
[2025-03-23T20:49:11.059+0000] {processor.py:743} INFO - Processing file /opt/airflow/dags/smooth.py for tasks to queue
[2025-03-23T20:49:11.061+0000] {logging_mixin.py:137} INFO - [2025-03-23T20:49:11.061+0000] {dagbag.py:538} INFO - Filling up the DagBag from /opt/airflow/dags/smooth.py
[2025-03-23T20:49:11.093+0000] {processor.py:753} INFO - DAG(s) dict_keys(['smooth']) retrieved from /opt/airflow/dags/smooth.py
[2025-03-23T20:49:11.132+0000] {logging_mixin.py:137} INFO - [2025-03-23T20:49:11.132+0000] {dag.py:2690} INFO - Sync 1 DAGs
[2025-03-23T20:49:11.183+0000] {logging_mixin.py:137} INFO - [2025-03-23T20:49:11.183+0000] {dag.py:3441} INFO - Setting next_dagrun for smooth to 2025-03-23T20:00:00+00:00, run_after=2025-03-23T21:00:00+00:00
[2025-03-23T20:49:11.302+0000] {processor.py:175} INFO - Processing /opt/airflow/dags/smooth.py took 0.249 seconds
[2025-03-23T20:49:41.403+0000] {processor.py:153} INFO - Started process (PID=1991) to work on /opt/airflow/dags/smooth.py
[2025-03-23T20:49:41.405+0000] {processor.py:743} INFO - Processing file /opt/airflow/dags/smooth.py for tasks to queue
[2025-03-23T20:49:41.407+0000] {logging_mixin.py:137} INFO - [2025-03-23T20:49:41.407+0000] {dagbag.py:538} INFO - Filling up the DagBag from /opt/airflow/dags/smooth.py
[2025-03-23T20:49:41.450+0000] {processor.py:753} INFO - DAG(s) dict_keys(['smooth']) retrieved from /opt/airflow/dags/smooth.py
[2025-03-23T20:49:41.486+0000] {logging_mixin.py:137} INFO - [2025-03-23T20:49:41.486+0000] {dag.py:2690} INFO - Sync 1 DAGs
[2025-03-23T20:49:41.525+0000] {logging_mixin.py:137} INFO - [2025-03-23T20:49:41.524+0000] {dag.py:3441} INFO - Setting next_dagrun for smooth to 2025-03-23T20:00:00+00:00, run_after=2025-03-23T21:00:00+00:00
[2025-03-23T20:49:41.618+0000] {processor.py:175} INFO - Processing /opt/airflow/dags/smooth.py took 0.221 seconds
[2025-03-23T20:50:11.717+0000] {processor.py:153} INFO - Started process (PID=2024) to work on /opt/airflow/dags/smooth.py
[2025-03-23T20:50:11.719+0000] {processor.py:743} INFO - Processing file /opt/airflow/dags/smooth.py for tasks to queue
[2025-03-23T20:50:11.720+0000] {logging_mixin.py:137} INFO - [2025-03-23T20:50:11.720+0000] {dagbag.py:538} INFO - Filling up the DagBag from /opt/airflow/dags/smooth.py
[2025-03-23T20:50:11.764+0000] {processor.py:753} INFO - DAG(s) dict_keys(['smooth']) retrieved from /opt/airflow/dags/smooth.py
[2025-03-23T20:50:11.807+0000] {logging_mixin.py:137} INFO - [2025-03-23T20:50:11.807+0000] {dag.py:2690} INFO - Sync 1 DAGs
[2025-03-23T20:50:11.853+0000] {logging_mixin.py:137} INFO - [2025-03-23T20:50:11.853+0000] {dag.py:3441} INFO - Setting next_dagrun for smooth to 2025-03-23T20:00:00+00:00, run_after=2025-03-23T21:00:00+00:00
[2025-03-23T20:50:11.935+0000] {processor.py:175} INFO - Processing /opt/airflow/dags/smooth.py took 0.225 seconds
[2025-03-23T20:50:42.075+0000] {processor.py:153} INFO - Started process (PID=2057) to work on /opt/airflow/dags/smooth.py
[2025-03-23T20:50:42.076+0000] {processor.py:743} INFO - Processing file /opt/airflow/dags/smooth.py for tasks to queue
[2025-03-23T20:50:42.078+0000] {logging_mixin.py:137} INFO - [2025-03-23T20:50:42.077+0000] {dagbag.py:538} INFO - Filling up the DagBag from /opt/airflow/dags/smooth.py
[2025-03-23T20:50:42.119+0000] {processor.py:753} INFO - DAG(s) dict_keys(['smooth']) retrieved from /opt/airflow/dags/smooth.py
[2025-03-23T20:50:42.174+0000] {logging_mixin.py:137} INFO - [2025-03-23T20:50:42.173+0000] {dag.py:2690} INFO - Sync 1 DAGs
[2025-03-23T20:50:42.218+0000] {logging_mixin.py:137} INFO - [2025-03-23T20:50:42.217+0000] {dag.py:3441} INFO - Setting next_dagrun for smooth to 2025-03-23T20:00:00+00:00, run_after=2025-03-23T21:00:00+00:00
[2025-03-23T20:50:42.398+0000] {processor.py:175} INFO - Processing /opt/airflow/dags/smooth.py took 0.328 seconds
[2025-03-23T20:51:12.613+0000] {processor.py:153} INFO - Started process (PID=2106) to work on /opt/airflow/dags/smooth.py
[2025-03-23T20:51:12.615+0000] {processor.py:743} INFO - Processing file /opt/airflow/dags/smooth.py for tasks to queue
[2025-03-23T20:51:12.618+0000] {logging_mixin.py:137} INFO - [2025-03-23T20:51:12.617+0000] {dagbag.py:538} INFO - Filling up the DagBag from /opt/airflow/dags/smooth.py
[2025-03-23T20:51:12.661+0000] {processor.py:753} INFO - DAG(s) dict_keys(['smooth']) retrieved from /opt/airflow/dags/smooth.py
[2025-03-23T20:51:12.699+0000] {logging_mixin.py:137} INFO - [2025-03-23T20:51:12.699+0000] {dag.py:2690} INFO - Sync 1 DAGs
[2025-03-23T20:51:12.768+0000] {logging_mixin.py:137} INFO - [2025-03-23T20:51:12.767+0000] {dag.py:3441} INFO - Setting next_dagrun for smooth to 2025-03-23T20:00:00+00:00, run_after=2025-03-23T21:00:00+00:00
[2025-03-23T20:51:12.830+0000] {processor.py:175} INFO - Processing /opt/airflow/dags/smooth.py took 0.224 seconds
[2025-03-23T20:51:43.115+0000] {processor.py:153} INFO - Started process (PID=2139) to work on /opt/airflow/dags/smooth.py
[2025-03-23T20:51:43.117+0000] {processor.py:743} INFO - Processing file /opt/airflow/dags/smooth.py for tasks to queue
[2025-03-23T20:51:43.118+0000] {logging_mixin.py:137} INFO - [2025-03-23T20:51:43.118+0000] {dagbag.py:538} INFO - Filling up the DagBag from /opt/airflow/dags/smooth.py
[2025-03-23T20:51:43.158+0000] {processor.py:753} INFO - DAG(s) dict_keys(['smooth']) retrieved from /opt/airflow/dags/smooth.py
[2025-03-23T20:51:43.196+0000] {logging_mixin.py:137} INFO - [2025-03-23T20:51:43.195+0000] {dag.py:2690} INFO - Sync 1 DAGs
[2025-03-23T20:51:43.237+0000] {logging_mixin.py:137} INFO - [2025-03-23T20:51:43.237+0000] {dag.py:3441} INFO - Setting next_dagrun for smooth to 2025-03-23T20:00:00+00:00, run_after=2025-03-23T21:00:00+00:00
[2025-03-23T20:51:43.308+0000] {processor.py:175} INFO - Processing /opt/airflow/dags/smooth.py took 0.202 seconds
[2025-03-23T20:52:13.512+0000] {processor.py:153} INFO - Started process (PID=2172) to work on /opt/airflow/dags/smooth.py
[2025-03-23T20:52:13.513+0000] {processor.py:743} INFO - Processing file /opt/airflow/dags/smooth.py for tasks to queue
[2025-03-23T20:52:13.514+0000] {logging_mixin.py:137} INFO - [2025-03-23T20:52:13.514+0000] {dagbag.py:538} INFO - Filling up the DagBag from /opt/airflow/dags/smooth.py
[2025-03-23T20:52:13.545+0000] {processor.py:753} INFO - DAG(s) dict_keys(['smooth']) retrieved from /opt/airflow/dags/smooth.py
[2025-03-23T20:52:13.579+0000] {logging_mixin.py:137} INFO - [2025-03-23T20:52:13.579+0000] {dag.py:2690} INFO - Sync 1 DAGs
[2025-03-23T20:52:13.617+0000] {logging_mixin.py:137} INFO - [2025-03-23T20:52:13.617+0000] {dag.py:3441} INFO - Setting next_dagrun for smooth to 2025-03-23T20:00:00+00:00, run_after=2025-03-23T21:00:00+00:00
[2025-03-23T20:52:13.720+0000] {processor.py:175} INFO - Processing /opt/airflow/dags/smooth.py took 0.213 seconds
[2025-03-23T20:52:44.016+0000] {processor.py:153} INFO - Started process (PID=2212) to work on /opt/airflow/dags/smooth.py
[2025-03-23T20:52:44.020+0000] {processor.py:743} INFO - Processing file /opt/airflow/dags/smooth.py for tasks to queue
[2025-03-23T20:52:44.022+0000] {logging_mixin.py:137} INFO - [2025-03-23T20:52:44.022+0000] {dagbag.py:538} INFO - Filling up the DagBag from /opt/airflow/dags/smooth.py
[2025-03-23T20:52:44.057+0000] {processor.py:753} INFO - DAG(s) dict_keys(['smooth']) retrieved from /opt/airflow/dags/smooth.py
[2025-03-23T20:52:44.098+0000] {logging_mixin.py:137} INFO - [2025-03-23T20:52:44.097+0000] {dag.py:2690} INFO - Sync 1 DAGs
[2025-03-23T20:52:44.137+0000] {logging_mixin.py:137} INFO - [2025-03-23T20:52:44.137+0000] {dag.py:3441} INFO - Setting next_dagrun for smooth to 2025-03-23T20:00:00+00:00, run_after=2025-03-23T21:00:00+00:00
[2025-03-23T20:52:44.284+0000] {processor.py:175} INFO - Processing /opt/airflow/dags/smooth.py took 0.276 seconds
[2025-03-23T20:53:14.521+0000] {processor.py:153} INFO - Started process (PID=2254) to work on /opt/airflow/dags/smooth.py
[2025-03-23T20:53:14.523+0000] {processor.py:743} INFO - Processing file /opt/airflow/dags/smooth.py for tasks to queue
[2025-03-23T20:53:14.525+0000] {logging_mixin.py:137} INFO - [2025-03-23T20:53:14.524+0000] {dagbag.py:538} INFO - Filling up the DagBag from /opt/airflow/dags/smooth.py
[2025-03-23T20:53:14.557+0000] {processor.py:753} INFO - DAG(s) dict_keys(['smooth']) retrieved from /opt/airflow/dags/smooth.py
[2025-03-23T20:53:14.592+0000] {logging_mixin.py:137} INFO - [2025-03-23T20:53:14.592+0000] {dag.py:2690} INFO - Sync 1 DAGs
[2025-03-23T20:53:14.628+0000] {logging_mixin.py:137} INFO - [2025-03-23T20:53:14.628+0000] {dag.py:3441} INFO - Setting next_dagrun for smooth to 2025-03-23T20:00:00+00:00, run_after=2025-03-23T21:00:00+00:00
[2025-03-23T20:53:14.742+0000] {processor.py:175} INFO - Processing /opt/airflow/dags/smooth.py took 0.229 seconds
[2025-03-23T20:53:44.985+0000] {processor.py:153} INFO - Started process (PID=2287) to work on /opt/airflow/dags/smooth.py
[2025-03-23T20:53:44.986+0000] {processor.py:743} INFO - Processing file /opt/airflow/dags/smooth.py for tasks to queue
[2025-03-23T20:53:44.987+0000] {logging_mixin.py:137} INFO - [2025-03-23T20:53:44.987+0000] {dagbag.py:538} INFO - Filling up the DagBag from /opt/airflow/dags/smooth.py
[2025-03-23T20:53:45.018+0000] {processor.py:753} INFO - DAG(s) dict_keys(['smooth']) retrieved from /opt/airflow/dags/smooth.py
[2025-03-23T20:53:45.057+0000] {logging_mixin.py:137} INFO - [2025-03-23T20:53:45.057+0000] {dag.py:2690} INFO - Sync 1 DAGs
[2025-03-23T20:53:45.097+0000] {logging_mixin.py:137} INFO - [2025-03-23T20:53:45.097+0000] {dag.py:3441} INFO - Setting next_dagrun for smooth to 2025-03-23T20:00:00+00:00, run_after=2025-03-23T21:00:00+00:00
[2025-03-23T20:53:45.153+0000] {processor.py:175} INFO - Processing /opt/airflow/dags/smooth.py took 0.173 seconds
[2025-03-23T20:54:15.315+0000] {processor.py:153} INFO - Started process (PID=2319) to work on /opt/airflow/dags/smooth.py
[2025-03-23T20:54:15.318+0000] {processor.py:743} INFO - Processing file /opt/airflow/dags/smooth.py for tasks to queue
[2025-03-23T20:54:15.320+0000] {logging_mixin.py:137} INFO - [2025-03-23T20:54:15.320+0000] {dagbag.py:538} INFO - Filling up the DagBag from /opt/airflow/dags/smooth.py
[2025-03-23T20:54:15.363+0000] {processor.py:753} INFO - DAG(s) dict_keys(['smooth']) retrieved from /opt/airflow/dags/smooth.py
[2025-03-23T20:54:15.404+0000] {logging_mixin.py:137} INFO - [2025-03-23T20:54:15.404+0000] {dag.py:2690} INFO - Sync 1 DAGs
[2025-03-23T20:54:15.441+0000] {logging_mixin.py:137} INFO - [2025-03-23T20:54:15.441+0000] {dag.py:3441} INFO - Setting next_dagrun for smooth to 2025-03-23T20:00:00+00:00, run_after=2025-03-23T21:00:00+00:00
[2025-03-23T20:54:15.501+0000] {processor.py:175} INFO - Processing /opt/airflow/dags/smooth.py took 0.195 seconds
[2025-03-23T20:54:45.608+0000] {processor.py:153} INFO - Started process (PID=2361) to work on /opt/airflow/dags/smooth.py
[2025-03-23T20:54:45.610+0000] {processor.py:743} INFO - Processing file /opt/airflow/dags/smooth.py for tasks to queue
[2025-03-23T20:54:45.611+0000] {logging_mixin.py:137} INFO - [2025-03-23T20:54:45.611+0000] {dagbag.py:538} INFO - Filling up the DagBag from /opt/airflow/dags/smooth.py
[2025-03-23T20:54:45.676+0000] {processor.py:753} INFO - DAG(s) dict_keys(['smooth']) retrieved from /opt/airflow/dags/smooth.py
[2025-03-23T20:54:45.721+0000] {logging_mixin.py:137} INFO - [2025-03-23T20:54:45.720+0000] {dag.py:2690} INFO - Sync 1 DAGs
[2025-03-23T20:54:45.764+0000] {logging_mixin.py:137} INFO - [2025-03-23T20:54:45.763+0000] {dag.py:3441} INFO - Setting next_dagrun for smooth to 2025-03-23T20:00:00+00:00, run_after=2025-03-23T21:00:00+00:00
[2025-03-23T20:54:45.906+0000] {processor.py:175} INFO - Processing /opt/airflow/dags/smooth.py took 0.304 seconds
[2025-03-23T20:55:15.975+0000] {processor.py:153} INFO - Started process (PID=2401) to work on /opt/airflow/dags/smooth.py
[2025-03-23T20:55:15.977+0000] {processor.py:743} INFO - Processing file /opt/airflow/dags/smooth.py for tasks to queue
[2025-03-23T20:55:15.978+0000] {logging_mixin.py:137} INFO - [2025-03-23T20:55:15.978+0000] {dagbag.py:538} INFO - Filling up the DagBag from /opt/airflow/dags/smooth.py
[2025-03-23T20:55:16.016+0000] {processor.py:753} INFO - DAG(s) dict_keys(['smooth']) retrieved from /opt/airflow/dags/smooth.py
[2025-03-23T20:55:16.062+0000] {logging_mixin.py:137} INFO - [2025-03-23T20:55:16.062+0000] {dag.py:2690} INFO - Sync 1 DAGs
[2025-03-23T20:55:16.100+0000] {logging_mixin.py:137} INFO - [2025-03-23T20:55:16.099+0000] {dag.py:3441} INFO - Setting next_dagrun for smooth to 2025-03-23T20:00:00+00:00, run_after=2025-03-23T21:00:00+00:00
[2025-03-23T20:55:16.172+0000] {processor.py:175} INFO - Processing /opt/airflow/dags/smooth.py took 0.201 seconds
[2025-03-23T20:55:46.417+0000] {processor.py:153} INFO - Started process (PID=2434) to work on /opt/airflow/dags/smooth.py
[2025-03-23T20:55:46.419+0000] {processor.py:743} INFO - Processing file /opt/airflow/dags/smooth.py for tasks to queue
[2025-03-23T20:55:46.420+0000] {logging_mixin.py:137} INFO - [2025-03-23T20:55:46.420+0000] {dagbag.py:538} INFO - Filling up the DagBag from /opt/airflow/dags/smooth.py
[2025-03-23T20:55:46.455+0000] {processor.py:753} INFO - DAG(s) dict_keys(['smooth']) retrieved from /opt/airflow/dags/smooth.py
[2025-03-23T20:55:46.489+0000] {logging_mixin.py:137} INFO - [2025-03-23T20:55:46.489+0000] {dag.py:2690} INFO - Sync 1 DAGs
[2025-03-23T20:55:46.528+0000] {logging_mixin.py:137} INFO - [2025-03-23T20:55:46.528+0000] {dag.py:3441} INFO - Setting next_dagrun for smooth to 2025-03-23T20:00:00+00:00, run_after=2025-03-23T21:00:00+00:00
[2025-03-23T20:55:46.600+0000] {processor.py:175} INFO - Processing /opt/airflow/dags/smooth.py took 0.190 seconds
[2025-03-23T20:56:16.693+0000] {processor.py:153} INFO - Started process (PID=2467) to work on /opt/airflow/dags/smooth.py
[2025-03-23T20:56:16.696+0000] {processor.py:743} INFO - Processing file /opt/airflow/dags/smooth.py for tasks to queue
[2025-03-23T20:56:16.699+0000] {logging_mixin.py:137} INFO - [2025-03-23T20:56:16.699+0000] {dagbag.py:538} INFO - Filling up the DagBag from /opt/airflow/dags/smooth.py
[2025-03-23T20:56:16.740+0000] {processor.py:753} INFO - DAG(s) dict_keys(['smooth']) retrieved from /opt/airflow/dags/smooth.py
[2025-03-23T20:56:16.775+0000] {logging_mixin.py:137} INFO - [2025-03-23T20:56:16.775+0000] {dag.py:2690} INFO - Sync 1 DAGs
[2025-03-23T20:56:16.811+0000] {logging_mixin.py:137} INFO - [2025-03-23T20:56:16.811+0000] {dag.py:3441} INFO - Setting next_dagrun for smooth to 2025-03-23T20:00:00+00:00, run_after=2025-03-23T21:00:00+00:00
[2025-03-23T20:56:16.921+0000] {processor.py:175} INFO - Processing /opt/airflow/dags/smooth.py took 0.244 seconds
[2025-03-23T20:56:47.090+0000] {processor.py:153} INFO - Started process (PID=2509) to work on /opt/airflow/dags/smooth.py
[2025-03-23T20:56:47.091+0000] {processor.py:743} INFO - Processing file /opt/airflow/dags/smooth.py for tasks to queue
[2025-03-23T20:56:47.093+0000] {logging_mixin.py:137} INFO - [2025-03-23T20:56:47.092+0000] {dagbag.py:538} INFO - Filling up the DagBag from /opt/airflow/dags/smooth.py
[2025-03-23T20:56:47.129+0000] {processor.py:753} INFO - DAG(s) dict_keys(['smooth']) retrieved from /opt/airflow/dags/smooth.py
[2025-03-23T20:56:47.165+0000] {logging_mixin.py:137} INFO - [2025-03-23T20:56:47.165+0000] {dag.py:2690} INFO - Sync 1 DAGs
[2025-03-23T20:56:47.207+0000] {logging_mixin.py:137} INFO - [2025-03-23T20:56:47.207+0000] {dag.py:3441} INFO - Setting next_dagrun for smooth to 2025-03-23T20:00:00+00:00, run_after=2025-03-23T21:00:00+00:00
[2025-03-23T20:56:47.308+0000] {processor.py:175} INFO - Processing /opt/airflow/dags/smooth.py took 0.224 seconds
[2025-03-23T20:57:17.435+0000] {processor.py:153} INFO - Started process (PID=2549) to work on /opt/airflow/dags/smooth.py
[2025-03-23T20:57:17.444+0000] {processor.py:743} INFO - Processing file /opt/airflow/dags/smooth.py for tasks to queue
[2025-03-23T20:57:17.453+0000] {logging_mixin.py:137} INFO - [2025-03-23T20:57:17.451+0000] {dagbag.py:538} INFO - Filling up the DagBag from /opt/airflow/dags/smooth.py
[2025-03-23T20:57:17.546+0000] {processor.py:753} INFO - DAG(s) dict_keys(['smooth']) retrieved from /opt/airflow/dags/smooth.py
[2025-03-23T20:57:17.595+0000] {logging_mixin.py:137} INFO - [2025-03-23T20:57:17.594+0000] {dag.py:2690} INFO - Sync 1 DAGs
[2025-03-23T20:57:17.649+0000] {logging_mixin.py:137} INFO - [2025-03-23T20:57:17.649+0000] {dag.py:3441} INFO - Setting next_dagrun for smooth to 2025-03-23T20:00:00+00:00, run_after=2025-03-23T21:00:00+00:00
[2025-03-23T20:57:17.763+0000] {processor.py:175} INFO - Processing /opt/airflow/dags/smooth.py took 0.347 seconds
[2025-03-23T20:57:47.870+0000] {processor.py:153} INFO - Started process (PID=2582) to work on /opt/airflow/dags/smooth.py
[2025-03-23T20:57:47.873+0000] {processor.py:743} INFO - Processing file /opt/airflow/dags/smooth.py for tasks to queue
[2025-03-23T20:57:47.877+0000] {logging_mixin.py:137} INFO - [2025-03-23T20:57:47.876+0000] {dagbag.py:538} INFO - Filling up the DagBag from /opt/airflow/dags/smooth.py
[2025-03-23T20:57:47.935+0000] {processor.py:753} INFO - DAG(s) dict_keys(['smooth']) retrieved from /opt/airflow/dags/smooth.py
[2025-03-23T20:57:47.971+0000] {logging_mixin.py:137} INFO - [2025-03-23T20:57:47.971+0000] {dag.py:2690} INFO - Sync 1 DAGs
[2025-03-23T20:57:48.009+0000] {logging_mixin.py:137} INFO - [2025-03-23T20:57:48.009+0000] {dag.py:3441} INFO - Setting next_dagrun for smooth to 2025-03-23T20:00:00+00:00, run_after=2025-03-23T21:00:00+00:00
[2025-03-23T20:57:48.099+0000] {processor.py:175} INFO - Processing /opt/airflow/dags/smooth.py took 0.243 seconds
[2025-03-23T20:58:18.349+0000] {processor.py:153} INFO - Started process (PID=2615) to work on /opt/airflow/dags/smooth.py
[2025-03-23T20:58:18.350+0000] {processor.py:743} INFO - Processing file /opt/airflow/dags/smooth.py for tasks to queue
[2025-03-23T20:58:18.352+0000] {logging_mixin.py:137} INFO - [2025-03-23T20:58:18.351+0000] {dagbag.py:538} INFO - Filling up the DagBag from /opt/airflow/dags/smooth.py
[2025-03-23T20:58:18.383+0000] {processor.py:753} INFO - DAG(s) dict_keys(['smooth']) retrieved from /opt/airflow/dags/smooth.py
[2025-03-23T20:58:18.418+0000] {logging_mixin.py:137} INFO - [2025-03-23T20:58:18.417+0000] {dag.py:2690} INFO - Sync 1 DAGs
[2025-03-23T20:58:18.458+0000] {logging_mixin.py:137} INFO - [2025-03-23T20:58:18.458+0000] {dag.py:3441} INFO - Setting next_dagrun for smooth to 2025-03-23T20:00:00+00:00, run_after=2025-03-23T21:00:00+00:00
[2025-03-23T20:58:18.521+0000] {processor.py:175} INFO - Processing /opt/airflow/dags/smooth.py took 0.176 seconds
