[2025-03-23T20:24:29.548+0000] {taskinstance.py:1083} INFO - Dependencies all met for <TaskInstance: smooth.youtube_video scheduled__2025-03-23T19:00:00+00:00 [queued]>
[2025-03-23T20:24:29.561+0000] {taskinstance.py:1083} INFO - Dependencies all met for <TaskInstance: smooth.youtube_video scheduled__2025-03-23T19:00:00+00:00 [queued]>
[2025-03-23T20:24:29.561+0000] {taskinstance.py:1279} INFO - 
--------------------------------------------------------------------------------
[2025-03-23T20:24:29.562+0000] {taskinstance.py:1280} INFO - Starting attempt 1 of 1
[2025-03-23T20:24:29.562+0000] {taskinstance.py:1281} INFO - 
--------------------------------------------------------------------------------
[2025-03-23T20:24:29.611+0000] {taskinstance.py:1300} INFO - Executing <Task(SmoothOperator): youtube_video> on 2025-03-23 19:00:00+00:00
[2025-03-23T20:24:29.617+0000] {standard_task_runner.py:55} INFO - Started process 137 to run task
[2025-03-23T20:24:29.624+0000] {standard_task_runner.py:82} INFO - Running: ['***', 'tasks', 'run', 'smooth', 'youtube_video', 'scheduled__2025-03-23T19:00:00+00:00', '--job-id', '9', '--raw', '--subdir', 'DAGS_FOLDER/smooth.py', '--cfg-path', '/tmp/tmpfwq6ksjl']
[2025-03-23T20:24:29.625+0000] {standard_task_runner.py:83} INFO - Job 9: Subtask youtube_video
[2025-03-23T20:24:29.772+0000] {task_command.py:388} INFO - Running <TaskInstance: smooth.youtube_video scheduled__2025-03-23T19:00:00+00:00 [running]> on host 88ad7afc680c
[2025-03-23T20:24:30.212+0000] {taskinstance.py:1509} INFO - Exporting the following env vars:
AIRFLOW_CTX_DAG_OWNER=***
AIRFLOW_CTX_DAG_ID=smooth
AIRFLOW_CTX_TASK_ID=youtube_video
AIRFLOW_CTX_EXECUTION_DATE=2025-03-23T19:00:00+00:00
AIRFLOW_CTX_TRY_NUMBER=1
AIRFLOW_CTX_DAG_RUN_ID=scheduled__2025-03-23T19:00:00+00:00
[2025-03-23T20:24:30.214+0000] {smooth.py:37} INFO - Enjoy Sade - Smooth Operator: https://www.youtube.com/watch?v=4TYv2PhG89A
[2025-03-23T20:24:30.244+0000] {taskinstance.py:1323} INFO - Marking task as SUCCESS. dag_id=smooth, task_id=youtube_video, execution_date=20250323T190000, start_date=20250323T202429, end_date=20250323T202430
[2025-03-23T20:24:30.334+0000] {local_task_job.py:208} INFO - Task exited with return code 0
[2025-03-23T20:24:30.358+0000] {taskinstance.py:2578} INFO - 0 downstream tasks scheduled from follow-on schedule check
