[2025-03-23T19:38:39.055+0000] {manager.py:483} INFO - Processing files using up to 2 processes at a time 
[2025-03-23T19:38:39.063+0000] {manager.py:484} INFO - Process each file at most once every 30 seconds
[2025-03-23T19:38:39.063+0000] {manager.py:486} INFO - Checking for new files in /opt/airflow/dags every 300 seconds
[2025-03-23T19:38:39.064+0000] {manager.py:726} INFO - Searching for files in /opt/airflow/dags
[2025-03-23T19:38:39.066+0000] {manager.py:729} INFO - There are 0 files in /opt/airflow/dags
[2025-03-23T19:40:40.739+0000] {manager.py:465} INFO - Exiting gracefully upon receiving signal 15
[2025-03-23T19:45:39.872+0000] {manager.py:483} INFO - Processing files using up to 2 processes at a time 
[2025-03-23T19:45:39.905+0000] {manager.py:484} INFO - Process each file at most once every 30 seconds
[2025-03-23T19:45:39.906+0000] {manager.py:486} INFO - Checking for new files in /opt/airflow/dags every 300 seconds
[2025-03-23T19:45:39.908+0000] {manager.py:726} INFO - Searching for files in /opt/airflow/dags
[2025-03-23T19:45:39.955+0000] {manager.py:729} INFO - There are 1 files in /opt/airflow/dags
[2025-03-23T19:45:40.335+0000] {manager.py:854} INFO - 
================================================================================
DAG File Processing Stats

File Path                      PID  Runtime      # DAGs    # Errors  Last Runtime    Last Run
---------------------------  -----  ---------  --------  ----------  --------------  ----------
/opt/airflow/dags/smooth.py    117  0.32s             0           0
================================================================================
[2025-03-23T19:46:10.541+0000] {manager.py:854} INFO - 
================================================================================
DAG File Processing Stats

File Path                    PID    Runtime      # DAGs    # Errors  Last Runtime    Last Run
---------------------------  -----  ---------  --------  ----------  --------------  -------------------
/opt/airflow/dags/smooth.py                           1           0  3.85s           2025-03-23T19:45:43
================================================================================
[2025-03-23T19:46:40.675+0000] {manager.py:854} INFO - 
================================================================================
DAG File Processing Stats

File Path                    PID    Runtime      # DAGs    # Errors  Last Runtime    Last Run
---------------------------  -----  ---------  --------  ----------  --------------  -------------------
/opt/airflow/dags/smooth.py                           1           0  0.42s           2025-03-23T19:46:14
================================================================================
[2025-03-23T19:47:10.913+0000] {manager.py:854} INFO - 
================================================================================
DAG File Processing Stats

File Path                    PID    Runtime      # DAGs    # Errors  Last Runtime    Last Run
---------------------------  -----  ---------  --------  ----------  --------------  -------------------
/opt/airflow/dags/smooth.py                           1           0  0.31s           2025-03-23T19:46:45
================================================================================
[2025-03-23T19:47:40.989+0000] {manager.py:854} INFO - 
================================================================================
DAG File Processing Stats

File Path                    PID    Runtime      # DAGs    # Errors  Last Runtime    Last Run
---------------------------  -----  ---------  --------  ----------  --------------  -------------------
/opt/airflow/dags/smooth.py                           1           0  0.50s           2025-03-23T19:47:15
================================================================================
[2025-03-23T19:48:11.260+0000] {manager.py:854} INFO - 
================================================================================
DAG File Processing Stats

File Path                    PID    Runtime      # DAGs    # Errors  Last Runtime    Last Run
---------------------------  -----  ---------  --------  ----------  --------------  -------------------
/opt/airflow/dags/smooth.py                           1           0  0.34s           2025-03-23T19:47:46
================================================================================
[2025-03-23T19:48:41.880+0000] {manager.py:854} INFO - 
================================================================================
DAG File Processing Stats

File Path                    PID    Runtime      # DAGs    # Errors  Last Runtime    Last Run
---------------------------  -----  ---------  --------  ----------  --------------  -------------------
/opt/airflow/dags/smooth.py                           1           0  0.43s           2025-03-23T19:48:17
================================================================================
[2025-03-23T19:49:11.937+0000] {manager.py:854} INFO - 
================================================================================
DAG File Processing Stats

File Path                    PID    Runtime      # DAGs    # Errors  Last Runtime    Last Run
---------------------------  -----  ---------  --------  ----------  --------------  -------------------
/opt/airflow/dags/smooth.py                           1           0  0.35s           2025-03-23T19:48:47
================================================================================
[2025-03-23T19:49:42.273+0000] {manager.py:854} INFO - 
================================================================================
DAG File Processing Stats

File Path                    PID    Runtime      # DAGs    # Errors  Last Runtime    Last Run
---------------------------  -----  ---------  --------  ----------  --------------  -------------------
/opt/airflow/dags/smooth.py                           1           0  0.45s           2025-03-23T19:49:18
================================================================================
[2025-03-23T19:50:12.378+0000] {manager.py:854} INFO - 
================================================================================
DAG File Processing Stats

File Path                    PID    Runtime      # DAGs    # Errors  Last Runtime    Last Run
---------------------------  -----  ---------  --------  ----------  --------------  -------------------
/opt/airflow/dags/smooth.py                           1           0  0.40s           2025-03-23T19:49:49
================================================================================
[2025-03-23T19:50:31.036+0000] {manager.py:465} INFO - Exiting gracefully upon receiving signal 15
[2025-03-23T20:24:19.257+0000] {manager.py:483} INFO - Processing files using up to 2 processes at a time 
[2025-03-23T20:24:19.376+0000] {manager.py:484} INFO - Process each file at most once every 30 seconds
[2025-03-23T20:24:19.377+0000] {manager.py:486} INFO - Checking for new files in /opt/airflow/dags every 300 seconds
[2025-03-23T20:24:19.378+0000] {manager.py:726} INFO - Searching for files in /opt/airflow/dags
[2025-03-23T20:24:19.383+0000] {manager.py:729} INFO - There are 1 files in /opt/airflow/dags
[2025-03-23T20:24:19.695+0000] {manager.py:854} INFO - 
================================================================================
DAG File Processing Stats

File Path                      PID  Runtime      # DAGs    # Errors  Last Runtime    Last Run
---------------------------  -----  ---------  --------  ----------  --------------  ----------
/opt/airflow/dags/smooth.py     86  0.11s             0           0
================================================================================
[2025-03-23T20:24:49.860+0000] {manager.py:854} INFO - 
================================================================================
DAG File Processing Stats

File Path                    PID    Runtime      # DAGs    # Errors  Last Runtime    Last Run
---------------------------  -----  ---------  --------  ----------  --------------  -------------------
/opt/airflow/dags/smooth.py                           1           0  1.73s           2025-03-23T20:24:21
================================================================================
[2025-03-23T20:25:20.676+0000] {manager.py:854} INFO - 
================================================================================
DAG File Processing Stats

File Path                    PID    Runtime      # DAGs    # Errors  Last Runtime    Last Run
---------------------------  -----  ---------  --------  ----------  --------------  -------------------
/opt/airflow/dags/smooth.py                           1           0  0.22s           2025-03-23T20:24:51
================================================================================
[2025-03-23T20:25:51.063+0000] {manager.py:854} INFO - 
================================================================================
DAG File Processing Stats

File Path                    PID    Runtime      # DAGs    # Errors  Last Runtime    Last Run
---------------------------  -----  ---------  --------  ----------  --------------  -------------------
/opt/airflow/dags/smooth.py                           1           0  0.21s           2025-03-23T20:25:22
================================================================================
[2025-03-23T20:26:21.436+0000] {manager.py:854} INFO - 
================================================================================
DAG File Processing Stats

File Path                    PID    Runtime      # DAGs    # Errors  Last Runtime    Last Run
---------------------------  -----  ---------  --------  ----------  --------------  -------------------
/opt/airflow/dags/smooth.py                           1           0  0.25s           2025-03-23T20:25:52
================================================================================
[2025-03-23T20:26:51.849+0000] {manager.py:854} INFO - 
================================================================================
DAG File Processing Stats

File Path                    PID    Runtime      # DAGs    # Errors  Last Runtime    Last Run
---------------------------  -----  ---------  --------  ----------  --------------  -------------------
/opt/airflow/dags/smooth.py                           1           0  0.29s           2025-03-23T20:26:22
================================================================================
[2025-03-23T20:27:22.343+0000] {manager.py:854} INFO - 
================================================================================
DAG File Processing Stats

File Path                    PID    Runtime      # DAGs    # Errors  Last Runtime    Last Run
---------------------------  -----  ---------  --------  ----------  --------------  -------------------
/opt/airflow/dags/smooth.py                           1           0  0.28s           2025-03-23T20:26:53
================================================================================
[2025-03-23T20:27:52.771+0000] {manager.py:854} INFO - 
================================================================================
DAG File Processing Stats

File Path                    PID    Runtime      # DAGs    # Errors  Last Runtime    Last Run
---------------------------  -----  ---------  --------  ----------  --------------  -------------------
/opt/airflow/dags/smooth.py                           1           0  0.25s           2025-03-23T20:27:23
================================================================================
[2025-03-23T20:28:23.270+0000] {manager.py:854} INFO - 
================================================================================
DAG File Processing Stats

File Path                    PID    Runtime      # DAGs    # Errors  Last Runtime    Last Run
---------------------------  -----  ---------  --------  ----------  --------------  -------------------
/opt/airflow/dags/smooth.py                           1           0  0.29s           2025-03-23T20:27:54
================================================================================
[2025-03-23T20:28:53.755+0000] {manager.py:854} INFO - 
================================================================================
DAG File Processing Stats

File Path                    PID    Runtime      # DAGs    # Errors  Last Runtime    Last Run
---------------------------  -----  ---------  --------  ----------  --------------  -------------------
/opt/airflow/dags/smooth.py                           1           0  0.34s           2025-03-23T20:28:24
================================================================================
[2025-03-23T20:29:19.481+0000] {manager.py:726} INFO - Searching for files in /opt/airflow/dags
[2025-03-23T20:29:19.499+0000] {manager.py:729} INFO - There are 1 files in /opt/airflow/dags
[2025-03-23T20:29:24.310+0000] {manager.py:854} INFO - 
================================================================================
DAG File Processing Stats

File Path                    PID    Runtime      # DAGs    # Errors  Last Runtime    Last Run
---------------------------  -----  ---------  --------  ----------  --------------  -------------------
/opt/airflow/dags/smooth.py                           1           0  0.21s           2025-03-23T20:28:55
================================================================================
[2025-03-23T20:29:54.790+0000] {manager.py:854} INFO - 
================================================================================
DAG File Processing Stats

File Path                    PID    Runtime      # DAGs    # Errors  Last Runtime    Last Run
---------------------------  -----  ---------  --------  ----------  --------------  -------------------
/opt/airflow/dags/smooth.py                           1           0  0.32s           2025-03-23T20:29:25
================================================================================
[2025-03-23T20:30:25.080+0000] {manager.py:854} INFO - 
================================================================================
DAG File Processing Stats

File Path                    PID    Runtime      # DAGs    # Errors  Last Runtime    Last Run
---------------------------  -----  ---------  --------  ----------  --------------  -------------------
/opt/airflow/dags/smooth.py                           1           0  0.37s           2025-03-23T20:29:56
================================================================================
[2025-03-23T20:30:55.623+0000] {manager.py:854} INFO - 
================================================================================
DAG File Processing Stats

File Path                    PID    Runtime      # DAGs    # Errors  Last Runtime    Last Run
---------------------------  -----  ---------  --------  ----------  --------------  -------------------
/opt/airflow/dags/smooth.py                           1           0  0.24s           2025-03-23T20:30:26
================================================================================
[2025-03-23T20:31:26.121+0000] {manager.py:854} INFO - 
================================================================================
DAG File Processing Stats

File Path                    PID    Runtime      # DAGs    # Errors  Last Runtime    Last Run
---------------------------  -----  ---------  --------  ----------  --------------  -------------------
/opt/airflow/dags/smooth.py                           1           0  0.34s           2025-03-23T20:30:56
================================================================================
[2025-03-23T20:31:56.422+0000] {manager.py:854} INFO - 
================================================================================
DAG File Processing Stats

File Path                    PID    Runtime      # DAGs    # Errors  Last Runtime    Last Run
---------------------------  -----  ---------  --------  ----------  --------------  -------------------
/opt/airflow/dags/smooth.py                           1           0  0.21s           2025-03-23T20:31:27
================================================================================
[2025-03-23T20:32:26.763+0000] {manager.py:854} INFO - 
================================================================================
DAG File Processing Stats

File Path                    PID    Runtime      # DAGs    # Errors  Last Runtime    Last Run
---------------------------  -----  ---------  --------  ----------  --------------  -------------------
/opt/airflow/dags/smooth.py                           1           0  0.20s           2025-03-23T20:31:57
================================================================================
[2025-03-23T20:32:57.053+0000] {manager.py:854} INFO - 
================================================================================
DAG File Processing Stats

File Path                    PID    Runtime      # DAGs    # Errors  Last Runtime    Last Run
---------------------------  -----  ---------  --------  ----------  --------------  -------------------
/opt/airflow/dags/smooth.py                           1           0  0.29s           2025-03-23T20:32:28
================================================================================
[2025-03-23T20:33:27.434+0000] {manager.py:854} INFO - 
================================================================================
DAG File Processing Stats

File Path                    PID    Runtime      # DAGs    # Errors  Last Runtime    Last Run
---------------------------  -----  ---------  --------  ----------  --------------  -------------------
/opt/airflow/dags/smooth.py                           1           0  0.24s           2025-03-23T20:32:58
================================================================================
[2025-03-23T20:33:57.877+0000] {manager.py:854} INFO - 
================================================================================
DAG File Processing Stats

File Path                    PID    Runtime      # DAGs    # Errors  Last Runtime    Last Run
---------------------------  -----  ---------  --------  ----------  --------------  -------------------
/opt/airflow/dags/smooth.py                           1           0  0.30s           2025-03-23T20:33:28
================================================================================
[2025-03-23T20:34:19.520+0000] {manager.py:726} INFO - Searching for files in /opt/airflow/dags
[2025-03-23T20:34:19.524+0000] {manager.py:729} INFO - There are 1 files in /opt/airflow/dags
[2025-03-23T20:34:28.382+0000] {manager.py:854} INFO - 
================================================================================
DAG File Processing Stats

File Path                    PID    Runtime      # DAGs    # Errors  Last Runtime    Last Run
---------------------------  -----  ---------  --------  ----------  --------------  -------------------
/opt/airflow/dags/smooth.py                           1           0  0.22s           2025-03-23T20:33:59
================================================================================
[2025-03-23T20:34:58.784+0000] {manager.py:854} INFO - 
================================================================================
DAG File Processing Stats

File Path                    PID    Runtime      # DAGs    # Errors  Last Runtime    Last Run
---------------------------  -----  ---------  --------  ----------  --------------  -------------------
/opt/airflow/dags/smooth.py                           1           0  0.20s           2025-03-23T20:34:29
================================================================================
[2025-03-23T20:35:29.142+0000] {manager.py:854} INFO - 
================================================================================
DAG File Processing Stats

File Path                    PID    Runtime      # DAGs    # Errors  Last Runtime    Last Run
---------------------------  -----  ---------  --------  ----------  --------------  -------------------
/opt/airflow/dags/smooth.py                           1           0  0.28s           2025-03-23T20:35:00
================================================================================
[2025-03-23T20:35:59.591+0000] {manager.py:854} INFO - 
================================================================================
DAG File Processing Stats

File Path                    PID    Runtime      # DAGs    # Errors  Last Runtime    Last Run
---------------------------  -----  ---------  --------  ----------  --------------  -------------------
/opt/airflow/dags/smooth.py                           1           0  0.21s           2025-03-23T20:35:30
================================================================================
[2025-03-23T20:36:30.046+0000] {manager.py:854} INFO - 
================================================================================
DAG File Processing Stats

File Path                    PID    Runtime      # DAGs    # Errors  Last Runtime    Last Run
---------------------------  -----  ---------  --------  ----------  --------------  -------------------
/opt/airflow/dags/smooth.py                           1           0  0.21s           2025-03-23T20:36:01
================================================================================
[2025-03-23T20:37:00.437+0000] {manager.py:854} INFO - 
================================================================================
DAG File Processing Stats

File Path                    PID    Runtime      # DAGs    # Errors  Last Runtime    Last Run
---------------------------  -----  ---------  --------  ----------  --------------  -------------------
/opt/airflow/dags/smooth.py                           1           0  0.23s           2025-03-23T20:36:31
================================================================================
[2025-03-23T20:37:30.718+0000] {manager.py:854} INFO - 
================================================================================
DAG File Processing Stats

File Path                    PID    Runtime      # DAGs    # Errors  Last Runtime    Last Run
---------------------------  -----  ---------  --------  ----------  --------------  -------------------
/opt/airflow/dags/smooth.py                           1           0  0.28s           2025-03-23T20:37:01
================================================================================
[2025-03-23T20:38:01.167+0000] {manager.py:854} INFO - 
================================================================================
DAG File Processing Stats

File Path                    PID    Runtime      # DAGs    # Errors  Last Runtime    Last Run
---------------------------  -----  ---------  --------  ----------  --------------  -------------------
/opt/airflow/dags/smooth.py                           1           0  0.31s           2025-03-23T20:37:32
================================================================================
[2025-03-23T20:38:31.485+0000] {manager.py:854} INFO - 
================================================================================
DAG File Processing Stats

File Path                    PID    Runtime      # DAGs    # Errors  Last Runtime    Last Run
---------------------------  -----  ---------  --------  ----------  --------------  -------------------
/opt/airflow/dags/smooth.py                           1           0  0.25s           2025-03-23T20:38:02
================================================================================
[2025-03-23T20:39:01.859+0000] {manager.py:854} INFO - 
================================================================================
DAG File Processing Stats

File Path                    PID    Runtime      # DAGs    # Errors  Last Runtime    Last Run
---------------------------  -----  ---------  --------  ----------  --------------  -------------------
/opt/airflow/dags/smooth.py                           1           0  0.30s           2025-03-23T20:38:32
================================================================================
[2025-03-23T20:39:20.096+0000] {manager.py:726} INFO - Searching for files in /opt/airflow/dags
[2025-03-23T20:39:20.099+0000] {manager.py:729} INFO - There are 1 files in /opt/airflow/dags
[2025-03-23T20:39:32.206+0000] {manager.py:854} INFO - 
================================================================================
DAG File Processing Stats

File Path                    PID    Runtime      # DAGs    # Errors  Last Runtime    Last Run
---------------------------  -----  ---------  --------  ----------  --------------  -------------------
/opt/airflow/dags/smooth.py                           1           0  0.29s           2025-03-23T20:39:03
================================================================================
[2025-03-23T20:40:02.535+0000] {manager.py:854} INFO - 
================================================================================
DAG File Processing Stats

File Path                    PID    Runtime      # DAGs    # Errors  Last Runtime    Last Run
---------------------------  -----  ---------  --------  ----------  --------------  -------------------
/opt/airflow/dags/smooth.py                           1           0  0.26s           2025-03-23T20:39:33
================================================================================
[2025-03-23T20:40:32.855+0000] {manager.py:854} INFO - 
================================================================================
DAG File Processing Stats

File Path                    PID    Runtime      # DAGs    # Errors  Last Runtime    Last Run
---------------------------  -----  ---------  --------  ----------  --------------  -------------------
/opt/airflow/dags/smooth.py                           1           0  0.27s           2025-03-23T20:40:03
================================================================================
[2025-03-23T20:41:03.189+0000] {manager.py:854} INFO - 
================================================================================
DAG File Processing Stats

File Path                    PID    Runtime      # DAGs    # Errors  Last Runtime    Last Run
---------------------------  -----  ---------  --------  ----------  --------------  -------------------
/opt/airflow/dags/smooth.py                           1           0  0.24s           2025-03-23T20:40:34
================================================================================
[2025-03-23T20:41:33.486+0000] {manager.py:854} INFO - 
================================================================================
DAG File Processing Stats

File Path                    PID    Runtime      # DAGs    # Errors  Last Runtime    Last Run
---------------------------  -----  ---------  --------  ----------  --------------  -------------------
/opt/airflow/dags/smooth.py                           1           0  0.24s           2025-03-23T20:41:04
================================================================================
[2025-03-23T20:42:03.816+0000] {manager.py:854} INFO - 
================================================================================
DAG File Processing Stats

File Path                    PID    Runtime      # DAGs    # Errors  Last Runtime    Last Run
---------------------------  -----  ---------  --------  ----------  --------------  -------------------
/opt/airflow/dags/smooth.py                           1           0  0.21s           2025-03-23T20:41:34
================================================================================
[2025-03-23T20:42:34.096+0000] {manager.py:854} INFO - 
================================================================================
DAG File Processing Stats

File Path                    PID    Runtime      # DAGs    # Errors  Last Runtime    Last Run
---------------------------  -----  ---------  --------  ----------  --------------  -------------------
/opt/airflow/dags/smooth.py                           1           0  0.25s           2025-03-23T20:42:05
================================================================================
[2025-03-23T20:43:04.410+0000] {manager.py:854} INFO - 
================================================================================
DAG File Processing Stats

File Path                    PID    Runtime      # DAGs    # Errors  Last Runtime    Last Run
---------------------------  -----  ---------  --------  ----------  --------------  -------------------
/opt/airflow/dags/smooth.py                           1           0  0.28s           2025-03-23T20:42:35
================================================================================
[2025-03-23T20:43:34.746+0000] {manager.py:854} INFO - 
================================================================================
DAG File Processing Stats

File Path                    PID    Runtime      # DAGs    # Errors  Last Runtime    Last Run
---------------------------  -----  ---------  --------  ----------  --------------  -------------------
/opt/airflow/dags/smooth.py                           1           0  0.37s           2025-03-23T20:43:05
================================================================================
[2025-03-23T20:44:05.220+0000] {manager.py:854} INFO - 
================================================================================
DAG File Processing Stats

File Path                    PID    Runtime      # DAGs    # Errors  Last Runtime    Last Run
---------------------------  -----  ---------  --------  ----------  --------------  -------------------
/opt/airflow/dags/smooth.py                           1           0  0.28s           2025-03-23T20:43:36
================================================================================
[2025-03-23T20:44:20.604+0000] {manager.py:726} INFO - Searching for files in /opt/airflow/dags
[2025-03-23T20:44:20.608+0000] {manager.py:729} INFO - There are 1 files in /opt/airflow/dags
[2025-03-23T20:44:35.744+0000] {manager.py:854} INFO - 
================================================================================
DAG File Processing Stats

File Path                    PID    Runtime      # DAGs    # Errors  Last Runtime    Last Run
---------------------------  -----  ---------  --------  ----------  --------------  -------------------
/opt/airflow/dags/smooth.py                           1           0  0.23s           2025-03-23T20:44:06
================================================================================
[2025-03-23T20:45:06.141+0000] {manager.py:854} INFO - 
================================================================================
DAG File Processing Stats

File Path                    PID    Runtime      # DAGs    # Errors  Last Runtime    Last Run
---------------------------  -----  ---------  --------  ----------  --------------  -------------------
/opt/airflow/dags/smooth.py                           1           0  0.22s           2025-03-23T20:44:36
================================================================================
[2025-03-23T20:45:36.370+0000] {manager.py:854} INFO - 
================================================================================
DAG File Processing Stats

File Path                    PID    Runtime      # DAGs    # Errors  Last Runtime    Last Run
---------------------------  -----  ---------  --------  ----------  --------------  -------------------
/opt/airflow/dags/smooth.py                           1           0  0.28s           2025-03-23T20:45:07
================================================================================
[2025-03-23T20:46:06.815+0000] {manager.py:854} INFO - 
================================================================================
DAG File Processing Stats

File Path                    PID    Runtime      # DAGs    # Errors  Last Runtime    Last Run
---------------------------  -----  ---------  --------  ----------  --------------  -------------------
/opt/airflow/dags/smooth.py                           1           0  0.22s           2025-03-23T20:45:37
================================================================================
[2025-03-23T20:46:37.246+0000] {manager.py:854} INFO - 
================================================================================
DAG File Processing Stats

File Path                    PID    Runtime      # DAGs    # Errors  Last Runtime    Last Run
---------------------------  -----  ---------  --------  ----------  --------------  -------------------
/opt/airflow/dags/smooth.py                           1           0  0.26s           2025-03-23T20:46:08
================================================================================
[2025-03-23T20:47:07.645+0000] {manager.py:854} INFO - 
================================================================================
DAG File Processing Stats

File Path                    PID    Runtime      # DAGs    # Errors  Last Runtime    Last Run
---------------------------  -----  ---------  --------  ----------  --------------  -------------------
/opt/airflow/dags/smooth.py                           1           0  0.22s           2025-03-23T20:46:38
================================================================================
[2025-03-23T20:47:38.115+0000] {manager.py:854} INFO - 
================================================================================
DAG File Processing Stats

File Path                    PID    Runtime      # DAGs    # Errors  Last Runtime    Last Run
---------------------------  -----  ---------  --------  ----------  --------------  -------------------
/opt/airflow/dags/smooth.py                           1           0  0.25s           2025-03-23T20:47:09
================================================================================
[2025-03-23T20:48:08.143+0000] {manager.py:854} INFO - 
================================================================================
DAG File Processing Stats

File Path                    PID    Runtime      # DAGs    # Errors  Last Runtime    Last Run
---------------------------  -----  ---------  --------  ----------  --------------  -------------------
/opt/airflow/dags/smooth.py                           1           0  0.63s           2025-03-23T20:47:39
================================================================================
[2025-03-23T20:48:38.719+0000] {manager.py:854} INFO - 
================================================================================
DAG File Processing Stats

File Path                    PID    Runtime      # DAGs    # Errors  Last Runtime    Last Run
---------------------------  -----  ---------  --------  ----------  --------------  -------------------
/opt/airflow/dags/smooth.py                           1           0  0.50s           2025-03-23T20:48:10
================================================================================
[2025-03-23T20:49:09.026+0000] {manager.py:854} INFO - 
================================================================================
DAG File Processing Stats

File Path                    PID    Runtime      # DAGs    # Errors  Last Runtime    Last Run
---------------------------  -----  ---------  --------  ----------  --------------  -------------------
/opt/airflow/dags/smooth.py                           1           0  0.27s           2025-03-23T20:48:41
================================================================================
[2025-03-23T20:49:21.228+0000] {manager.py:726} INFO - Searching for files in /opt/airflow/dags
[2025-03-23T20:49:21.233+0000] {manager.py:729} INFO - There are 1 files in /opt/airflow/dags
[2025-03-23T20:49:39.371+0000] {manager.py:854} INFO - 
================================================================================
DAG File Processing Stats

File Path                    PID    Runtime      # DAGs    # Errors  Last Runtime    Last Run
---------------------------  -----  ---------  --------  ----------  --------------  -------------------
/opt/airflow/dags/smooth.py                           1           0  0.26s           2025-03-23T20:49:11
================================================================================
[2025-03-23T20:50:09.681+0000] {manager.py:854} INFO - 
================================================================================
DAG File Processing Stats

File Path                    PID    Runtime      # DAGs    # Errors  Last Runtime    Last Run
---------------------------  -----  ---------  --------  ----------  --------------  -------------------
/opt/airflow/dags/smooth.py                           1           0  0.24s           2025-03-23T20:49:41
================================================================================
[2025-03-23T20:50:40.043+0000] {manager.py:854} INFO - 
================================================================================
DAG File Processing Stats

File Path                    PID    Runtime      # DAGs    # Errors  Last Runtime    Last Run
---------------------------  -----  ---------  --------  ----------  --------------  -------------------
/opt/airflow/dags/smooth.py                           1           0  0.25s           2025-03-23T20:50:11
================================================================================
[2025-03-23T20:51:10.353+0000] {manager.py:854} INFO - 
================================================================================
DAG File Processing Stats

File Path                    PID    Runtime      # DAGs    # Errors  Last Runtime    Last Run
---------------------------  -----  ---------  --------  ----------  --------------  -------------------
/opt/airflow/dags/smooth.py                           1           0  0.35s           2025-03-23T20:50:42
================================================================================
[2025-03-23T20:51:40.809+0000] {manager.py:854} INFO - 
================================================================================
DAG File Processing Stats

File Path                    PID    Runtime      # DAGs    # Errors  Last Runtime    Last Run
---------------------------  -----  ---------  --------  ----------  --------------  -------------------
/opt/airflow/dags/smooth.py                           1           0  0.24s           2025-03-23T20:51:12
================================================================================
[2025-03-23T20:52:11.291+0000] {manager.py:854} INFO - 
================================================================================
DAG File Processing Stats

File Path                    PID    Runtime      # DAGs    # Errors  Last Runtime    Last Run
---------------------------  -----  ---------  --------  ----------  --------------  -------------------
/opt/airflow/dags/smooth.py                           1           0  0.23s           2025-03-23T20:51:43
================================================================================
[2025-03-23T20:52:41.694+0000] {manager.py:854} INFO - 
================================================================================
DAG File Processing Stats

File Path                    PID    Runtime      # DAGs    # Errors  Last Runtime    Last Run
---------------------------  -----  ---------  --------  ----------  --------------  -------------------
/opt/airflow/dags/smooth.py                           1           0  0.24s           2025-03-23T20:52:13
================================================================================
[2025-03-23T20:53:12.187+0000] {manager.py:854} INFO - 
================================================================================
DAG File Processing Stats

File Path                    PID    Runtime      # DAGs    # Errors  Last Runtime    Last Run
---------------------------  -----  ---------  --------  ----------  --------------  -------------------
/opt/airflow/dags/smooth.py                           1           0  0.29s           2025-03-23T20:52:44
================================================================================
[2025-03-23T20:53:42.709+0000] {manager.py:854} INFO - 
================================================================================
DAG File Processing Stats

File Path                    PID    Runtime      # DAGs    # Errors  Last Runtime    Last Run
---------------------------  -----  ---------  --------  ----------  --------------  -------------------
/opt/airflow/dags/smooth.py                           1           0  0.27s           2025-03-23T20:53:14
================================================================================
[2025-03-23T20:54:13.261+0000] {manager.py:854} INFO - 
================================================================================
DAG File Processing Stats

File Path                    PID    Runtime      # DAGs    # Errors  Last Runtime    Last Run
---------------------------  -----  ---------  --------  ----------  --------------  -------------------
/opt/airflow/dags/smooth.py                           1           0  0.19s           2025-03-23T20:53:45
================================================================================
[2025-03-23T20:54:21.422+0000] {manager.py:726} INFO - Searching for files in /opt/airflow/dags
[2025-03-23T20:54:21.426+0000] {manager.py:729} INFO - There are 1 files in /opt/airflow/dags
[2025-03-23T20:54:43.581+0000] {manager.py:854} INFO - 
================================================================================
DAG File Processing Stats

File Path                    PID    Runtime      # DAGs    # Errors  Last Runtime    Last Run
---------------------------  -----  ---------  --------  ----------  --------------  -------------------
/opt/airflow/dags/smooth.py                           1           0  0.22s           2025-03-23T20:54:15
================================================================================
[2025-03-23T20:55:13.946+0000] {manager.py:854} INFO - 
================================================================================
DAG File Processing Stats

File Path                    PID    Runtime      # DAGs    # Errors  Last Runtime    Last Run
---------------------------  -----  ---------  --------  ----------  --------------  -------------------
/opt/airflow/dags/smooth.py                           1           0  0.32s           2025-03-23T20:54:45
================================================================================
[2025-03-23T20:55:44.378+0000] {manager.py:854} INFO - 
================================================================================
DAG File Processing Stats

File Path                    PID    Runtime      # DAGs    # Errors  Last Runtime    Last Run
---------------------------  -----  ---------  --------  ----------  --------------  -------------------
/opt/airflow/dags/smooth.py                           1           0  0.22s           2025-03-23T20:55:16
================================================================================
[2025-03-23T20:56:14.632+0000] {manager.py:854} INFO - 
================================================================================
DAG File Processing Stats

File Path                    PID    Runtime      # DAGs    # Errors  Last Runtime    Last Run
---------------------------  -----  ---------  --------  ----------  --------------  -------------------
/opt/airflow/dags/smooth.py                           1           0  0.21s           2025-03-23T20:55:46
================================================================================
[2025-03-23T20:56:45.064+0000] {manager.py:854} INFO - 
================================================================================
DAG File Processing Stats

File Path                    PID    Runtime      # DAGs    # Errors  Last Runtime    Last Run
---------------------------  -----  ---------  --------  ----------  --------------  -------------------
/opt/airflow/dags/smooth.py                           1           0  0.28s           2025-03-23T20:56:16
================================================================================
[2025-03-23T20:57:15.377+0000] {manager.py:854} INFO - 
================================================================================
DAG File Processing Stats

File Path                    PID    Runtime      # DAGs    # Errors  Last Runtime    Last Run
---------------------------  -----  ---------  --------  ----------  --------------  -------------------
/opt/airflow/dags/smooth.py                           1           0  0.24s           2025-03-23T20:56:47
================================================================================
[2025-03-23T20:57:45.818+0000] {manager.py:854} INFO - 
================================================================================
DAG File Processing Stats

File Path                    PID    Runtime      # DAGs    # Errors  Last Runtime    Last Run
---------------------------  -----  ---------  --------  ----------  --------------  -------------------
/opt/airflow/dags/smooth.py                           1           0  0.38s           2025-03-23T20:57:17
================================================================================
[2025-03-23T20:58:16.041+0000] {manager.py:854} INFO - 
================================================================================
DAG File Processing Stats

File Path                    PID    Runtime      # DAGs    # Errors  Last Runtime    Last Run
---------------------------  -----  ---------  --------  ----------  --------------  -------------------
/opt/airflow/dags/smooth.py                           1           0  0.28s           2025-03-23T20:57:48
================================================================================
[2025-03-23T20:58:35.110+0000] {manager.py:465} INFO - Exiting gracefully upon receiving signal 15
